5455 [main] DEBUG com.app.ParentTest - 初始化完毕:
5502 [main] DEBUG com.app.ParentTest - 运行完毕
6376 [main] DEBUG com.app.ParentTest - 初始化完毕:
6424 [main] DEBUG com.app.ParentTest - 运行完毕
5442 [main] DEBUG com.app.ParentTest - 初始化完毕:
5490 [main] DEBUG com.app.ParentTest - 运行完毕
5684 [main] DEBUG com.app.ParentTest - 初始化完毕:
5684 [main] DEBUG com.app.EaCoreTest - admin resource numbers:
5684 [main] DEBUG com.app.ParentTest - 运行完毕
4002 [main] DEBUG com.app.ParentTest - 初始化完毕:
4033 [main] DEBUG com.app.EaCoreTest - admin resource numbers:null
4033 [main] DEBUG com.app.ParentTest - 运行完毕
4827 [main] DEBUG com.app.ParentTest - 初始化完毕:
4858 [main] DEBUG com.app.EaCoreTest - admin resource numbers:null
4858 [main] DEBUG com.app.ParentTest - 运行完毕
5034 [main] DEBUG com.app.ParentTest - 初始化完毕:
5065 [main] DEBUG com.app.EaCoreTest - admin resource numbers:null
5081 [main] DEBUG com.app.ParentTest - 运行完毕
4638 [main] DEBUG com.app.ParentTest - 初始化完毕:
4669 [main] DEBUG com.app.EaCoreTest - admin resource numbers:null
4669 [main] DEBUG com.app.ParentTest - 运行完毕
5387 [main] DEBUG com.app.ParentTest - 初始化完毕:
5434 [main] DEBUG com.app.EaCoreTest - admin resource numbers:null
5434 [main] DEBUG com.app.ParentTest - 运行完毕
4200 [main] DEBUG com.app.ParentTest - admin resource numbers:null
4216 [main] DEBUG com.app.ParentTest - 初始化完毕:
4216 [main] DEBUG com.app.EaCoreTest - admin resource numbers:null
4216 [main] DEBUG com.app.ParentTest - 运行完毕
4029 [main] INFO  com.app.SpringDaoTest - 测试结束
5997 [main] INFO  com.app.SpringDaoTest - 测试结束
4794 [main] INFO  com.app.SpringDaoTest - 测试结束
4153 [main] INFO  com.app.SpringDaoTest - 测试结束
4951 [main] INFO  com.app.SpringDaoTest - 测试结束
4358 [main] DEBUG com.app.manager.ea.api.ImpEa - 初始化数据
4671 [main] DEBUG com.app.manager.ea.api.ImpEa - r0 number:1
4671 [main] DEBUG com.app.manager.ea.api.ImpEa - admin number:7
4687 [main] INFO  com.app.SpringDaoTest - 测试结束
4638 [main] INFO  com.app.SpringDaoTest - 测试结束
4357 [main] DEBUG com.app.SpringDaoTest - admin resource numbers:null
4357 [main] INFO  com.app.SpringDaoTest - 测试结束
4748 [main] DEBUG com.app.SpringDaoTest - admin user 个数:2
4780 [main] DEBUG com.app.SpringDaoTest - admin user:null
4796 [main] INFO  com.app.SpringDaoTest - 测试结束
4702 [main] DEBUG com.app.SpringDaoTest - admin user 个数:2
4749 [main] DEBUG com.app.SpringDaoTest - admin user:null
4749 [main] INFO  com.app.SpringDaoTest - 测试结束
3904 [main] DEBUG com.app.SpringDaoTest - admin user 个数:2
3920 [main] DEBUG com.app.SpringDaoTest - admin user:null
3920 [main] INFO  com.app.SpringDaoTest - 测试结束
5747 [main] DEBUG com.app.SpringDaoTest - admin user 个数:2
81329 [main] DEBUG com.app.SpringDaoTest - admin user:null
81329 [main] INFO  com.app.SpringDaoTest - 测试结束
4138 [main] DEBUG com.app.SpringDaoTest - admin user 个数:2
4154 [main] DEBUG com.app.SpringDaoTest - admin user:null
4171 [main] DEBUG com.app.SpringDaoTest - tom
4171 [main] INFO  com.app.SpringDaoTest - 测试结束
3754 [main] DEBUG com.app.ParentTest - admin resource numbers:null
3770 [main] DEBUG com.app.ParentTest - 初始化完毕:
3786 [main] DEBUG com.app.EaCoreTest - admin resource numbers:null
3786 [main] DEBUG com.app.ParentTest - 运行完毕
5340 [main] DEBUG com.app.ParentTest - 初始化完毕:
11503 [main] DEBUG com.app.EaCoreTest - admin resource numbers:null
11503 [main] DEBUG com.app.ParentTest - 运行完毕
3936 [main] DEBUG com.app.SpringDaoTest - admin user 个数:3
3967 [main] DEBUG com.app.SpringDaoTest - admin user:null
3984 [main] DEBUG com.app.SpringDaoTest - tom
3984 [main] INFO  com.app.SpringDaoTest - 测试结束
5340 [main] DEBUG com.app.manager.ea.api.ImpEa - 初始化数据
11737 [main] DEBUG com.app.manager.ea.api.ImpEa - r0 number:1
11737 [main] DEBUG com.app.manager.ea.api.ImpEa - admin number:7
11769 [main] DEBUG com.app.SpringDaoTest - admin user 个数:2
11816 [main] DEBUG com.app.SpringDaoTest - admin user:com.app.manager.ea.model.User@1748ba4[id=1]
11832 [main] DEBUG com.app.SpringDaoTest - tom
11832 [main] INFO  com.app.SpringDaoTest - 测试结束
4014 [main] DEBUG com.app.manager.ea.api.ImpEa - 初始化数据
4327 [main] DEBUG com.app.manager.ea.api.ImpEa - r0 number:1
4327 [main] DEBUG com.app.manager.ea.api.ImpEa - admin number:7
4327 [main] DEBUG com.app.ParentTest - 初始化完毕:
4374 [main] DEBUG com.app.EaCoreTest - admin resource numbers:com.app.manager.ea.model.User@1422384[id=1]
4374 [main] DEBUG com.app.ParentTest - 运行完毕
4326 [main] DEBUG com.app.manager.ea.api.ImpEa - 初始化数据
4701 [main] DEBUG com.app.manager.ea.api.ImpEa - r0 number:1
4701 [main] DEBUG com.app.manager.ea.api.ImpEa - admin number:7
4701 [main] DEBUG com.app.ParentTest - 初始化完毕:
4733 [main] DEBUG com.app.EaCoreTest - admin resource numbers:com.app.manager.ea.model.User@1422384[id=1]
4748 [main] DEBUG com.app.EaCoreTest - admin resource numbers:7
4748 [main] DEBUG com.app.ParentTest - 运行完毕
4267 [main] DEBUG com.app.manager.ea.api.ImpEa - 初始化数据
4673 [main] ERROR o.h.util.JDBCExceptionReporter - Unique index or primary key violation: "PRIMARY_KEY_C9 ON PUBLIC.MANAGER_EA_RESOURCE_USER(RESOURCE_ID, USER_ID)"; SQL statement:
insert into manager_ea_resource_user (resource_id, user_id) values (?, ?) [23505-167]
4673 [main] ERROR o.h.util.JDBCExceptionReporter - Unique index or primary key violation: "PRIMARY_KEY_C9 ON PUBLIC.MANAGER_EA_RESOURCE_USER(RESOURCE_ID, USER_ID)"; SQL statement:
insert into manager_ea_resource_user (resource_id, user_id) values (?, ?) [23505-167]
4689 [main] ERROR o.h.e.d.AbstractFlushingEventListener - Could not synchronize database state with session
org.hibernate.exception.ConstraintViolationException: Could not execute JDBC batch update
	at org.hibernate.exception.SQLStateConverter.convert(SQLStateConverter.java:96) ~[hibernate-core-3.6.1.Final.jar:3.6.1.Final]
	at org.hibernate.exception.JDBCExceptionHelper.convert(JDBCExceptionHelper.java:66) ~[hibernate-core-3.6.1.Final.jar:3.6.1.Final]
	at org.hibernate.jdbc.AbstractBatcher.executeBatch(AbstractBatcher.java:275) ~[hibernate-core-3.6.1.Final.jar:3.6.1.Final]
	at org.hibernate.engine.ActionQueue.executeActions(ActionQueue.java:268) ~[hibernate-core-3.6.1.Final.jar:3.6.1.Final]
	at org.hibernate.engine.ActionQueue.executeActions(ActionQueue.java:187) ~[hibernate-core-3.6.1.Final.jar:3.6.1.Final]
	at org.hibernate.event.def.AbstractFlushingEventListener.performExecutions(AbstractFlushingEventListener.java:321) ~[hibernate-core-3.6.1.Final.jar:3.6.1.Final]
	at org.hibernate.event.def.DefaultFlushEventListener.onFlush(DefaultFlushEventListener.java:51) [hibernate-core-3.6.1.Final.jar:3.6.1.Final]
	at org.hibernate.impl.SessionImpl.flush(SessionImpl.java:1216) [hibernate-core-3.6.1.Final.jar:3.6.1.Final]
	at org.hibernate.impl.SessionImpl.managedFlush(SessionImpl.java:383) [hibernate-core-3.6.1.Final.jar:3.6.1.Final]
	at org.hibernate.transaction.JDBCTransaction.commit(JDBCTransaction.java:133) [hibernate-core-3.6.1.Final.jar:3.6.1.Final]
	at org.springframework.orm.hibernate3.HibernateTransactionManager.doCommit(HibernateTransactionManager.java:657) [spring-orm-3.2.1.RELEASE.jar:3.2.1.RELEASE]
	at org.springframework.transaction.support.AbstractPlatformTransactionManager.processCommit(AbstractPlatformTransactionManager.java:755) [spring-tx-3.2.1.RELEASE.jar:3.2.1.RELEASE]
	at org.springframework.transaction.support.AbstractPlatformTransactionManager.commit(AbstractPlatformTransactionManager.java:724) [spring-tx-3.2.1.RELEASE.jar:3.2.1.RELEASE]
	at org.springframework.transaction.interceptor.TransactionAspectSupport.commitTransactionAfterReturning(TransactionAspectSupport.java:387) [spring-tx-3.2.1.RELEASE.jar:3.2.1.RELEASE]
	at org.springframework.transaction.interceptor.TransactionInterceptor.invoke(TransactionInterceptor.java:120) [spring-tx-3.2.1.RELEASE.jar:3.2.1.RELEASE]
	at org.springframework.aop.framework.ReflectiveMethodInvocation.proceed(ReflectiveMethodInvocation.java:172) [spring-aop-3.2.1.RELEASE.jar:3.2.1.RELEASE]
	at org.springframework.aop.framework.JdkDynamicAopProxy.invoke(JdkDynamicAopProxy.java:204) [spring-aop-3.2.1.RELEASE.jar:3.2.1.RELEASE]
	at $Proxy19.update(Unknown Source) [na:na]
	at com.app.manager.ea.api.ImpEa.initData(ImpEa.java:729) [classes/:na]
	at com.app.ParentTest.init(ParentTest.java:47) [test-classes/:na]
	at sun.reflect.NativeMethodAccessorImpl.invoke0(Native Method) ~[na:1.6.0_27]
	at sun.reflect.NativeMethodAccessorImpl.invoke(Unknown Source) ~[na:1.6.0_27]
	at sun.reflect.DelegatingMethodAccessorImpl.invoke(Unknown Source) ~[na:1.6.0_27]
	at java.lang.reflect.Method.invoke(Unknown Source) ~[na:1.6.0_27]
	at org.junit.runners.model.FrameworkMethod$1.runReflectiveCall(FrameworkMethod.java:44) [junit-4.9.jar:na]
	at org.junit.internal.runners.model.ReflectiveCallable.run(ReflectiveCallable.java:15) [junit-4.9.jar:na]
	at org.junit.runners.model.FrameworkMethod.invokeExplosively(FrameworkMethod.java:41) [junit-4.9.jar:na]
	at org.junit.internal.runners.statements.RunBefores.evaluate(RunBefores.java:27) [junit-4.9.jar:na]
	at org.junit.internal.runners.statements.RunAfters.evaluate(RunAfters.java:31) [junit-4.9.jar:na]
	at org.junit.runners.ParentRunner.run(ParentRunner.java:292) [junit-4.9.jar:na]
	at org.eclipse.jdt.internal.junit4.runner.JUnit4TestReference.run(JUnit4TestReference.java:50) [.cp/:na]
	at org.eclipse.jdt.internal.junit.runner.TestExecution.run(TestExecution.java:38) [.cp/:na]
	at org.eclipse.jdt.internal.junit.runner.RemoteTestRunner.runTests(RemoteTestRunner.java:467) [.cp/:na]
	at org.eclipse.jdt.internal.junit.runner.RemoteTestRunner.runTests(RemoteTestRunner.java:683) [.cp/:na]
	at org.eclipse.jdt.internal.junit.runner.RemoteTestRunner.run(RemoteTestRunner.java:390) [.cp/:na]
	at org.eclipse.jdt.internal.junit.runner.RemoteTestRunner.main(RemoteTestRunner.java:197) [.cp/:na]
Caused by: org.h2.jdbc.JdbcBatchUpdateException: Unique index or primary key violation: "PRIMARY_KEY_C9 ON PUBLIC.MANAGER_EA_RESOURCE_USER(RESOURCE_ID, USER_ID)"; SQL statement:
insert into manager_ea_resource_user (resource_id, user_id) values (?, ?) [23505-167]
	at org.h2.jdbc.JdbcPreparedStatement.executeBatch(JdbcPreparedStatement.java:1121) ~[h2-1.3.167.jar:1.3.167]
	at org.apache.commons.dbcp.DelegatingStatement.executeBatch(DelegatingStatement.java:294) ~[commons-dbcp-1.2.1.jar:1.2.1]
	at org.hibernate.jdbc.BatchingBatcher.doExecuteBatch(BatchingBatcher.java:70) ~[hibernate-core-3.6.1.Final.jar:3.6.1.Final]
	at org.hibernate.jdbc.AbstractBatcher.executeBatch(AbstractBatcher.java:268) ~[hibernate-core-3.6.1.Final.jar:3.6.1.Final]
	... 33 common frames omitted
4768 [main] DEBUG com.app.EaCoreTest - admin resource numbers:0
4768 [main] DEBUG com.app.ParentTest - 运行完毕
4530 [main] DEBUG com.app.manager.ea.api.ImpEa - 初始化数据
4905 [main] DEBUG com.app.manager.ea.api.ImpEa - r0 number:0
4905 [main] DEBUG com.app.manager.ea.api.ImpEa - admin number:8
4905 [main] DEBUG com.app.ParentTest - 初始化完毕:
4937 [main] DEBUG com.app.EaCoreTest - admin resource numbers:8
4937 [main] DEBUG com.app.EaCoreTest - admin resource numbers:8
4937 [main] DEBUG com.app.ParentTest - 运行完毕
5046 [main] DEBUG com.app.manager.ea.api.ImpEa - 初始化数据
5384 [main] DEBUG com.app.manager.ea.api.ImpEa - r0 number:0
5384 [main] DEBUG com.app.manager.ea.api.ImpEa - admin number:8
5384 [main] DEBUG com.app.ParentTest - 初始化完毕:
5415 [main] DEBUG com.app.EaCoreTest - admin resource numbers:8
5431 [main] DEBUG com.app.EaCoreTest - test resource numbers:0
5431 [main] DEBUG com.app.ParentTest - 运行完毕
4069 [main] DEBUG com.app.manager.ea.api.ImpEa - 初始化数据
4366 [main] DEBUG com.app.manager.ea.api.ImpEa - r0 number:0
4366 [main] DEBUG com.app.manager.ea.api.ImpEa - admin number:8
4366 [main] DEBUG com.app.ParentTest - 初始化完毕:
4382 [main] DEBUG com.app.EaCoreTest - admin resource numbers:8
4397 [main] DEBUG com.app.EaCoreTest - test resource numbers:0
4397 [main] DEBUG com.app.manager.ea.api.ImpEa - admin0
4413 [main] DEBUG com.app.EaCoreTest - admin resource numbers:8
4413 [main] DEBUG com.app.ParentTest - 运行完毕
3685 [main] DEBUG com.app.manager.ea.api.ImpEa - 初始化数据
3975 [main] DEBUG com.app.manager.ea.api.ImpEa - r0 number:0
3975 [main] DEBUG com.app.manager.ea.api.ImpEa - admin number:8
3975 [main] DEBUG com.app.ParentTest - 初始化完毕:
3990 [main] DEBUG com.app.EaCoreTest - admin resource numbers:8
4006 [main] DEBUG com.app.EaCoreTest - test resource numbers:0
4006 [main] DEBUG com.app.manager.ea.api.ImpEa - admin0
4022 [main] DEBUG com.app.EaCoreTest - admin resource numbers:8
4022 [main] DEBUG com.app.manager.ea.api.ImpEa - test0
4037 [main] DEBUG com.app.EaCoreTest - test resource numbers:8
4037 [main] DEBUG com.app.ParentTest - 运行完毕
3652 [main] DEBUG com.app.manager.ea.api.ImpEa - 初始化数据
3934 [main] DEBUG com.app.manager.ea.api.ImpEa - r0 number:0
3934 [main] DEBUG com.app.manager.ea.api.ImpEa - admin number:8
3934 [main] DEBUG com.app.ParentTest - 初始化完毕:
3949 [main] DEBUG com.app.EaCoreTest - admin resource numbers:8
3965 [main] DEBUG com.app.manager.ea.api.ImpEa - admin0
3981 [main] DEBUG com.app.EaCoreTest - admin resource numbers:8
3981 [main] DEBUG com.app.EaCoreTest - test resource numbers:0
3981 [main] DEBUG com.app.manager.ea.api.ImpEa - test0
3981 [main] DEBUG com.app.EaCoreTest - test resource numbers:8
3996 [main] DEBUG com.app.ParentTest - 运行完毕
4607 [main] DEBUG com.app.manager.ea.api.ImpEa - 初始化数据
5013 [main] DEBUG com.app.manager.ea.api.ImpEa - r0 重新加载后 number:0
5013 [main] DEBUG com.app.manager.ea.api.ImpEa - admin number:8
5013 [main] DEBUG com.app.ParentTest - 初始化完毕:
5029 [main] DEBUG com.app.EaCoreTest - admin resource numbers:8
5060 [main] DEBUG com.app.manager.ea.api.ImpEa - admin0
5060 [main] DEBUG com.app.EaCoreTest - admin resource numbers:8
5076 [main] DEBUG com.app.EaCoreTest - test resource numbers:0
5076 [main] DEBUG com.app.manager.ea.api.ImpEa - test0
5091 [main] DEBUG com.app.EaCoreTest - test resource numbers:8
5091 [main] DEBUG com.app.ParentTest - 运行完毕
4895 [main] DEBUG com.app.manager.ea.api.ImpEa - 初始化数据
5290 [main] DEBUG com.app.manager.ea.api.ImpEa - r0 重新加载后 number:0
5290 [main] DEBUG com.app.manager.ea.api.ImpEa - admin number:8
5290 [main] DEBUG com.app.ParentTest - 初始化完毕:
5321 [main] DEBUG com.app.EaCoreTest - admin resource numbers:8
5321 [main] DEBUG com.app.manager.ea.api.ImpEa - admin0
5337 [main] DEBUG com.app.EaCoreTest - admin resource numbers:8
5352 [main] DEBUG com.app.EaCoreTest - test resource numbers:0
5352 [main] DEBUG com.app.manager.ea.api.ImpEa - test0
5368 [main] DEBUG com.app.EaCoreTest - test resource numbers:8
5368 [main] DEBUG com.app.ParentTest - 运行完毕
4905 [main] DEBUG com.app.manager.ea.api.ImpEa - 初始化数据
5436 [main] DEBUG com.app.manager.ea.api.ImpEa - r0 的user number:0
5436 [main] DEBUG com.app.manager.ea.api.ImpEa - admin number:8
5436 [main] DEBUG com.app.ParentTest - 初始化完毕:
5468 [main] DEBUG com.app.EaCoreTest - admin resource numbers:8
5483 [main] DEBUG com.app.manager.ea.api.ImpEa - admin0
5499 [main] DEBUG com.app.EaCoreTest - admin resource numbers:8
5514 [main] DEBUG com.app.EaCoreTest - test resource numbers:0
5514 [main] DEBUG com.app.manager.ea.api.ImpEa - test0
5530 [main] DEBUG com.app.EaCoreTest - test resource numbers:8
5530 [main] DEBUG com.app.ParentTest - 运行完毕
5153 [main] DEBUG com.app.manager.ea.api.ImpEa - 初始化数据
5560 [main] DEBUG com.app.manager.ea.api.ImpEa - r0 的user number:0
5560 [main] DEBUG com.app.manager.ea.api.ImpEa - admin number:8
5560 [main] DEBUG com.app.ParentTest - 初始化完毕:
5591 [main] DEBUG com.app.EaCoreTest - admin resource numbers:8
5607 [main] DEBUG com.app.manager.ea.api.ImpEa - admin0
5622 [main] DEBUG com.app.EaCoreTest - admin resource numbers:8
5638 [main] DEBUG com.app.EaCoreTest - test resource numbers:0
5653 [main] DEBUG com.app.manager.ea.api.ImpEa - test0
5653 [main] DEBUG com.app.EaCoreTest - test resource numbers:8
5653 [main] DEBUG com.app.ParentTest - 运行完毕
5169 [main] DEBUG com.app.manager.ea.api.ImpEa - 初始化数据
5545 [main] DEBUG com.app.manager.ea.api.ImpEa - r0 的user number:0
5545 [main] DEBUG com.app.manager.ea.api.ImpEa - admin number:8
5545 [main] DEBUG com.app.ParentTest - 初始化完毕:
5592 [main] DEBUG com.app.EaCoreTest - admin resource numbers:8
5607 [main] DEBUG com.app.manager.ea.api.ImpEa - admin0
5623 [main] DEBUG com.app.EaCoreTest - admin resource numbers:8
5623 [main] DEBUG com.app.EaCoreTest - test resource numbers:0
5638 [main] DEBUG com.app.manager.ea.api.ImpEa - test0
5638 [main] DEBUG com.app.EaCoreTest - test resource numbers:8
5638 [main] DEBUG com.app.ParentTest - 运行完毕
4311 [main] DEBUG com.app.manager.ea.api.ImpEa - 初始化数据
4593 [main] DEBUG com.app.manager.ea.api.ImpEa - r0 的user number:0
4593 [main] DEBUG com.app.manager.ea.api.ImpEa - admin number:8
4624 [main] DEBUG com.app.SpringDaoTest - admin user 个数:2
4655 [main] DEBUG com.app.SpringDaoTest - admin user:com.app.manager.ea.model.User@1af8502[id=1]
4655 [main] DEBUG com.app.SpringDaoTest - tom
4671 [main] INFO  com.app.SpringDaoTest - 测试结束
4232 [main] DEBUG com.app.manager.ea.api.ImpEa - 初始化数据
4467 [main] DEBUG com.app.manager.ea.api.ImpEa - r0 的user number:0
4467 [main] DEBUG com.app.manager.ea.api.ImpEa - admin number:8
4498 [main] DEBUG com.app.SpringDaoTest - admin user 个数:2
4529 [main] DEBUG com.app.SpringDaoTest - admin user:com.app.manager.ea.model.User@aa10fc[id=1]
4545 [main] DEBUG com.app.SpringDaoTest - tom
4623 [main] INFO  com.app.SpringDaoTest - 测试结束
4592 [main] DEBUG com.app.manager.ea.api.ImpEa - 初始化数据
4890 [main] DEBUG com.app.manager.ea.api.ImpEa - r0 的user number:0
4905 [main] DEBUG com.app.manager.ea.api.ImpEa - admin number:8
4921 [main] DEBUG com.app.SpringDaoTest - admin user 个数:2
4952 [main] DEBUG com.app.SpringDaoTest - admin user:com.app.manager.ea.model.User@1af8502[id=1]
4952 [main] DEBUG com.app.SpringDaoTest - tom
5046 [main] INFO  com.app.SpringDaoTest - 测试结束
4342 [main] DEBUG com.app.manager.ea.api.ImpEa - 初始化数据
4639 [main] DEBUG com.app.manager.ea.api.ImpEa - r0 的user number:0
4639 [main] DEBUG com.app.manager.ea.api.ImpEa - admin number:8
4671 [main] DEBUG com.app.SpringDaoTest - admin user 个数:2
4702 [main] DEBUG com.app.SpringDaoTest - admin user:com.app.manager.ea.model.User@455aa8[id=1]
4702 [main] DEBUG com.app.SpringDaoTest - tom
4717 [main] INFO  com.app.SpringDaoTest - 测试结束
7772 [main] DEBUG com.app.manager.ea.api.ImpEa - 初始化数据
8225 [main] DEBUG com.app.manager.ea.api.ImpEa - r0 的user number:0
8225 [main] DEBUG com.app.manager.ea.api.ImpEa - admin number:8
8257 [main] INFO  com.app.SpringDaoTest - 测试结束
5761 [main] DEBUG com.app.manager.ea.api.ImpEa - 初始化数据
6091 [main] DEBUG com.app.manager.ea.api.ImpEa - r0 的user number:0
6091 [main] DEBUG com.app.manager.ea.api.ImpEa - admin number:8
6106 [main] INFO  com.app.SpringDaoTest - 测试结束
6262 [main] DEBUG com.app.manager.ea.api.ImpEa - 初始化数据
6684 [main] DEBUG com.app.manager.ea.api.ImpEa - r0 的user number:0
6684 [main] DEBUG com.app.manager.ea.api.ImpEa - admin number:8
6700 [main] INFO  com.app.SpringDaoTest - 测试结束
5012 [main] DEBUG com.app.manager.ea.api.ImpEa - 初始化数据
5456 [main] DEBUG com.app.manager.ea.api.ImpEa - r0 的user number:0
5456 [main] DEBUG com.app.manager.ea.api.ImpEa - admin number:8
5487 [main] INFO  com.app.SpringDaoTest - 测试结束
6214 [main] DEBUG com.app.manager.ea.api.ImpEa - 初始化数据
6729 [main] DEBUG com.app.manager.ea.api.ImpEa - r0 的user number:0
6729 [main] DEBUG com.app.manager.ea.api.ImpEa - admin number:8
6761 [main] INFO  com.app.SpringDaoTest - 测试结束
6013 [main] DEBUG com.app.manager.ea.api.ImpEa - 初始化数据
6450 [main] DEBUG com.app.manager.ea.api.ImpEa - r0 的user number:0
6466 [main] DEBUG com.app.manager.ea.api.ImpEa - admin number:8
6481 [main] INFO  com.app.SpringDaoTest - 测试结束
6090 [main] DEBUG com.app.manager.ea.api.ImpEa - 初始化数据
33030 [main] DEBUG com.app.manager.ea.api.ImpEa - r0 的user number:0
35699 [main] DEBUG com.app.manager.ea.api.ImpEa - admin number:8
5421 [main] DEBUG com.app.manager.ea.api.ImpEa - 初始化数据
46330 [main] DEBUG com.app.manager.ea.api.ImpEa - r0 的user number:0
52712 [main] DEBUG com.app.manager.ea.api.ImpEa - admin number:8
55007 [main] INFO  com.app.SpringDaoTest - 测试结束
5326 [main] DEBUG com.app.manager.ea.api.ImpEa - 初始化数据
30491 [main] ERROR o.h.LazyInitializationException - failed to lazily initialize a collection of role: com.app.manager.ea.model.Resource.users, no session or session was closed
org.hibernate.LazyInitializationException: failed to lazily initialize a collection of role: com.app.manager.ea.model.Resource.users, no session or session was closed
	at org.hibernate.collection.AbstractPersistentCollection.throwLazyInitializationException(AbstractPersistentCollection.java:383) [hibernate-core-3.6.1.Final.jar:3.6.1.Final]
	at org.hibernate.collection.AbstractPersistentCollection.throwLazyInitializationExceptionIfNotConnected(AbstractPersistentCollection.java:375) [hibernate-core-3.6.1.Final.jar:3.6.1.Final]
	at org.hibernate.collection.AbstractPersistentCollection.readSize(AbstractPersistentCollection.java:122) [hibernate-core-3.6.1.Final.jar:3.6.1.Final]
	at org.hibernate.collection.PersistentSet.size(PersistentSet.java:162) [hibernate-core-3.6.1.Final.jar:3.6.1.Final]
	at com.app.manager.ea.api.ImpEa.initData(ImpEa.java:731) [classes/:na]
	at com.app.SpringDaoTest.init(SpringDaoTest.java:52) [test-classes/:na]
	at sun.reflect.NativeMethodAccessorImpl.invoke0(Native Method) ~[na:1.6.0_27]
	at sun.reflect.NativeMethodAccessorImpl.invoke(Unknown Source) ~[na:1.6.0_27]
	at sun.reflect.DelegatingMethodAccessorImpl.invoke(Unknown Source) ~[na:1.6.0_27]
	at java.lang.reflect.Method.invoke(Unknown Source) ~[na:1.6.0_27]
	at org.junit.runners.model.FrameworkMethod$1.runReflectiveCall(FrameworkMethod.java:44) [junit-4.9.jar:na]
	at org.junit.internal.runners.model.ReflectiveCallable.run(ReflectiveCallable.java:15) [junit-4.9.jar:na]
	at org.junit.runners.model.FrameworkMethod.invokeExplosively(FrameworkMethod.java:41) [junit-4.9.jar:na]
	at org.junit.internal.runners.statements.RunBefores.evaluate(RunBefores.java:27) [junit-4.9.jar:na]
	at org.junit.internal.runners.statements.RunAfters.evaluate(RunAfters.java:31) [junit-4.9.jar:na]
	at org.junit.runners.ParentRunner.run(ParentRunner.java:292) [junit-4.9.jar:na]
	at org.eclipse.jdt.internal.junit4.runner.JUnit4TestReference.run(JUnit4TestReference.java:50) [.cp/:na]
	at org.eclipse.jdt.internal.junit.runner.TestExecution.run(TestExecution.java:38) [.cp/:na]
	at org.eclipse.jdt.internal.junit.runner.RemoteTestRunner.runTests(RemoteTestRunner.java:467) [.cp/:na]
	at org.eclipse.jdt.internal.junit.runner.RemoteTestRunner.runTests(RemoteTestRunner.java:683) [.cp/:na]
	at org.eclipse.jdt.internal.junit.runner.RemoteTestRunner.run(RemoteTestRunner.java:390) [.cp/:na]
	at org.eclipse.jdt.internal.junit.runner.RemoteTestRunner.main(RemoteTestRunner.java:197) [.cp/:na]
66644 [main] INFO  com.app.SpringDaoTest - 测试结束
5966 [main] DEBUG com.app.manager.ea.api.ImpEa - 初始化数据
5700 [main] DEBUG com.app.manager.ea.api.ImpEa - 初始化数据
18620 [main] DEBUG com.app.manager.ea.api.ImpEa - r0 的user number:0
23896 [main] DEBUG com.app.manager.ea.api.ImpEa - admin number:8
31949 [main] INFO  com.app.SpringDaoTest - 测试结束
5296 [main] DEBUG com.app.manager.ea.api.ImpEa - 初始化数据
5608 [main] DEBUG com.app.manager.ea.api.ImpEa - r0 的user number:0
5608 [main] DEBUG com.app.manager.ea.api.ImpEa - admin number:8
5670 [main] INFO  com.app.SpringDaoTest - 测试结束
5607 [main] DEBUG com.app.manager.ea.api.ImpEa - 初始化数据
5966 [main] DEBUG com.app.manager.ea.api.ImpEa - r0 的user number:0
5966 [main] DEBUG com.app.manager.ea.api.ImpEa - admin number:8
5998 [main] INFO  com.app.SpringDaoTest - 测试结束
5795 [main] DEBUG com.app.manager.ea.api.ImpEa - 初始化数据
6201 [main] DEBUG com.app.manager.ea.api.ImpEa - r0 的user number:0
6201 [main] DEBUG com.app.manager.ea.api.ImpEa - admin number:8
6216 [main] INFO  com.app.SpringDaoTest - 测试结束
5951 [main] DEBUG com.app.manager.ea.api.ImpEa - 初始化数据
6434 [main] DEBUG com.app.manager.ea.api.ImpEa - r0 的user number:0
6434 [main] DEBUG com.app.manager.ea.api.ImpEa - admin number:8
6465 [main] INFO  com.app.SpringDaoTest - 测试结束
5217 [main] DEBUG com.app.manager.ea.api.ImpEa - 初始化数据
5561 [main] DEBUG com.app.manager.ea.api.ImpEa - r0 的user number:0
5561 [main] DEBUG com.app.manager.ea.api.ImpEa - admin number:8
5576 [main] INFO  com.app.SpringDaoTest - 测试结束
2687 [main] DEBUG com.app.manager.ea.api.ImpEa - 初始化数据
2968 [main] DEBUG com.app.manager.ea.api.ImpEa - r0 的user number:0
2968 [main] DEBUG com.app.manager.ea.api.ImpEa - admin number:8
5583 [main] DEBUG com.app.manager.ea.api.ImpEa - 初始化数据
30735 [main] DEBUG com.app.manager.ea.api.ImpEa - r0 的user number:0
43029 [main] DEBUG com.app.manager.ea.api.ImpEa - admin number:8
59988 [main] DEBUG com.app.testCase2 - admin resource numbers:8
60003 [main] DEBUG com.app.manager.ea.api.ImpEa - admin0
60035 [main] DEBUG com.app.testCase2 - admin resource numbers:8
60097 [main] DEBUG com.app.testCase2 - test resource numbers:0
60097 [main] DEBUG com.app.manager.ea.api.ImpEa - test0
60113 [main] DEBUG com.app.testCase2 - test resource numbers:8
6528 [main] DEBUG com.app.manager.ea.api.ImpEa - 初始化数据
24018 [main] DEBUG com.app.manager.ea.api.ImpEa - r0 的user number:0
25751 [main] DEBUG com.app.manager.ea.api.ImpEa - admin number:8
51870 [main] DEBUG com.app.testCase2 - admin resource numbers:8
51886 [main] DEBUG com.app.manager.ea.api.ImpEa - admin0
51918 [main] DEBUG com.app.testCase2 - admin resource numbers:8
51918 [main] DEBUG com.app.testCase2 - test resource numbers:0
51933 [main] DEBUG com.app.manager.ea.api.ImpEa - test0
51949 [main] DEBUG com.app.testCase2 - test resource numbers:8
5997 [main] DEBUG com.app.manager.ea.api.ImpEa - 初始化数据
19214 [main] DEBUG com.app.manager.ea.api.ImpEa - r0 的user number:0
19214 [main] DEBUG com.app.manager.ea.api.ImpEa - admin number:8
42793 [main] DEBUG com.app.testCase2 - admin resource numbers:8
48303 [main] DEBUG com.app.manager.ea.api.ImpEa - admin0
48459 [main] DEBUG com.app.testCase2 - admin resource numbers:8
51128 [main] DEBUG com.app.testCase2 - test resource numbers:0
66748 [main] DEBUG com.app.manager.ea.api.ImpEa - test0
66826 [main] DEBUG com.app.testCase2 - test resource numbers:8
5921 [main] DEBUG com.app.manager.ea.api.ImpEa - 初始化数据
6451 [main] DEBUG com.app.manager.ea.api.ImpEa - r0 的user number:0
6451 [main] DEBUG com.app.manager.ea.api.ImpEa - admin number:8
13505 [main] DEBUG com.app.testCase2 - admin resource numbers:8
13522 [main] DEBUG com.app.manager.ea.api.ImpEa - admin0
13538 [main] DEBUG com.app.testCase2 - admin resource numbers:8
13553 [main] DEBUG com.app.testCase2 - test resource numbers:0
13569 [main] DEBUG com.app.manager.ea.api.ImpEa - test0
13569 [main] DEBUG com.app.testCase2 - test resource numbers:8
6012 [main] DEBUG com.app.manager.ea.api.ImpEa - 初始化数据
6481 [main] DEBUG com.app.manager.ea.api.ImpEa - r0 的user number:0
6481 [main] DEBUG com.app.manager.ea.api.ImpEa - admin number:8
6512 [main] DEBUG com.app.testCase2 - admin resource numbers:8
6528 [main] DEBUG com.app.manager.ea.api.ImpEa - admin0
6543 [main] DEBUG com.app.testCase2 - admin resource numbers:8
6559 [main] DEBUG com.app.testCase2 - test resource numbers:0
6574 [main] DEBUG com.app.manager.ea.api.ImpEa - test0
6590 [main] DEBUG com.app.testCase2 - test resource numbers:8
5326 [main] DEBUG com.app.manager.ea.api.ImpEa - 初始化数据
5654 [main] DEBUG com.app.manager.ea.api.ImpEa - r0 的user number:0
5654 [main] DEBUG com.app.manager.ea.api.ImpEa - admin number:8
5686 [main] DEBUG com.app.manager.ea.api.ImpEa - admin0
5701 [main] DEBUG com.app.testCase2 - admin resource numbers:8
5701 [main] DEBUG com.app.manager.ea.api.ImpEa - test0
5701 [main] DEBUG com.app.testCase2 - test resource numbers:8
4497 [main] DEBUG com.app.manager.ea.api.ImpEa - 初始化数据
4810 [main] DEBUG com.app.manager.ea.api.ImpEa - r0 的user number:0
4810 [main] DEBUG com.app.manager.ea.api.ImpEa - admin number:8
6136 [main] DEBUG com.app.manager.ea.api.ImpEa - 初始化数据
6574 [main] DEBUG com.app.manager.ea.api.ImpEa - r0 的user number:0
6574 [main] DEBUG com.app.manager.ea.api.ImpEa - admin number:8
6605 [main] DEBUG com.app.testCase2 - admin
6605 [main] DEBUG com.app.testCase2 - admin
6605 [main] DEBUG com.app.testCase2 - admin
6605 [main] DEBUG com.app.testCase2 - admin
6605 [main] DEBUG com.app.testCase2 - admin
6605 [main] DEBUG com.app.testCase2 - admin
6605 [main] DEBUG com.app.testCase2 - admin
6605 [main] DEBUG com.app.testCase2 - admin
6605 [main] DEBUG com.app.testCase2 - test
5013 [main] DEBUG com.app.manager.ea.api.ImpEa - 初始化数据
5435 [main] DEBUG com.app.manager.ea.api.ImpEa - r0 的user number:0
5435 [main] DEBUG com.app.manager.ea.api.ImpEa - admin number:8
5467 [main] DEBUG com.app.testCase2 - admin
5467 [main] DEBUG com.app.testCase2 - admin
5467 [main] DEBUG com.app.testCase2 - admin
5467 [main] DEBUG com.app.testCase2 - admin
5467 [main] DEBUG com.app.testCase2 - admin
5467 [main] DEBUG com.app.testCase2 - admin
5467 [main] DEBUG com.app.testCase2 - admin
5467 [main] DEBUG com.app.testCase2 - admin
5467 [main] DEBUG com.app.testCase2 - test
4087 [main] DEBUG com.app.manager.ea.api.ImpEa - 初始化数据
4354 [main] DEBUG com.app.manager.ea.api.ImpEa - r0 的user number:0
4354 [main] DEBUG com.app.manager.ea.api.ImpEa - admin number:8
5997 [main] DEBUG com.app.manager.ea.api.ImpEa - 初始化数据
6466 [main] DEBUG com.app.manager.ea.api.ImpEa - r0 的user number:0
6466 [main] DEBUG com.app.manager.ea.api.ImpEa - admin number:8
6481 [main] DEBUG com.app.testCase2 - 系统管理
6481 [main] DEBUG com.app.testCase2 - 组织架构管理
6481 [main] DEBUG com.app.testCase2 - 岗位管理
6481 [main] DEBUG com.app.testCase2 - 职位管理
6497 [main] DEBUG com.app.testCase2 - 人员管理
6497 [main] DEBUG com.app.testCase2 - 资源管理
6497 [main] DEBUG com.app.testCase2 - 邮件服务器设置 
6497 [main] DEBUG com.app.testCase2 - 系统参数 
4965 [main] DEBUG com.app.manager.ea.api.ImpEa - 初始化数据
5388 [main] DEBUG com.app.manager.ea.api.ImpEa - r0 的user number:0
5388 [main] DEBUG com.app.manager.ea.api.ImpEa - admin number:8
4965 [main] DEBUG com.app.manager.ea.api.ImpEa - 初始化数据
5356 [main] DEBUG com.app.manager.ea.api.ImpEa - r0 的user number:0
5356 [main] DEBUG com.app.manager.ea.api.ImpEa - admin number:8
5372 [main] ERROR org.hibernate.hql.PARSER - line 1:8: unexpected token: *
4062 [main] DEBUG com.app.manager.ea.api.ImpEa - 初始化数据
4422 [main] DEBUG com.app.manager.ea.api.ImpEa - r0 的user number:0
4422 [main] DEBUG com.app.manager.ea.api.ImpEa - admin number:8
4437 [main] DEBUG com.app.testCase2 - 系统管理
4437 [main] DEBUG com.app.testCase2 - 组织架构管理
4437 [main] DEBUG com.app.testCase2 - 岗位管理
4437 [main] DEBUG com.app.testCase2 - 职位管理
4437 [main] DEBUG com.app.testCase2 - 人员管理
4437 [main] DEBUG com.app.testCase2 - 资源管理
4437 [main] DEBUG com.app.testCase2 - 邮件服务器设置 
4437 [main] DEBUG com.app.testCase2 - 系统参数 
6060 [main] DEBUG com.app.manager.ea.api.ImpEa - 初始化数据
6499 [main] DEBUG com.app.manager.ea.api.ImpEa - r0 的user number:0
6499 [main] DEBUG com.app.manager.ea.api.ImpEa - admin number:5
6530 [main] DEBUG com.app.testCase2 - 系统管理
6530 [main] DEBUG com.app.testCase2 - 组织架构管理
6530 [main] DEBUG com.app.testCase2 - 岗位管理
6530 [main] DEBUG com.app.testCase2 - 职位管理
6530 [main] DEBUG com.app.testCase2 - 人员管理
6530 [main] DEBUG com.app.testCase2 - 资源管理
6530 [main] DEBUG com.app.testCase2 - 邮件服务器设置 
6530 [main] DEBUG com.app.testCase2 - 系统参数 
6109 [main] DEBUG com.app.manager.ea.api.ImpEa - 初始化数据
6563 [main] DEBUG com.app.manager.ea.api.ImpEa - r0 的user number:0
6563 [main] DEBUG com.app.manager.ea.api.ImpEa - admin number:5
6594 [main] DEBUG com.app.testCase2 - 系统管理0
6594 [main] DEBUG com.app.testCase2 - 组织架构管理0
6594 [main] DEBUG com.app.testCase2 - 岗位管理0
6594 [main] DEBUG com.app.testCase2 - 职位管理0
6594 [main] DEBUG com.app.testCase2 - 人员管理0
6594 [main] DEBUG com.app.testCase2 - 资源管理0
6594 [main] DEBUG com.app.testCase2 - 邮件服务器设置 0
6594 [main] DEBUG com.app.testCase2 - 系统参数 0
4841 [main] DEBUG com.app.manager.ea.api.ImpEa - 初始化数据
5247 [main] DEBUG com.app.manager.ea.api.ImpEa - r0 的user number:0
5247 [main] DEBUG com.app.manager.ea.api.ImpEa - admin number:5
5278 [main] DEBUG com.app.testCase2 - admin
5278 [main] DEBUG com.app.testCase2 - admin
5278 [main] DEBUG com.app.testCase2 - admin
5278 [main] DEBUG com.app.testCase2 - admin
5278 [main] DEBUG com.app.testCase2 - admin
5278 [main] DEBUG com.app.testCase2 - test
4832 [main] DEBUG com.app.manager.ea.api.ImpEa - 初始化数据
5269 [main] DEBUG com.app.manager.ea.api.ImpEa - r0 的user number:0
5269 [main] DEBUG com.app.manager.ea.api.ImpEa - admin number:5
5301 [main] DEBUG com.app.testCase2 - 组织架构管理0
5301 [main] DEBUG com.app.testCase2 - 系统管理0
5301 [main] DEBUG com.app.testCase2 - 人员管理0
5301 [main] DEBUG com.app.testCase2 - 职位管理0
5301 [main] DEBUG com.app.testCase2 - 岗位管理0
4923 [main] DEBUG com.app.manager.ea.api.ImpEa - 初始化数据
5236 [main] DEBUG com.app.manager.ea.api.ImpEa - r0 的user number:0
5236 [main] DEBUG com.app.manager.ea.api.ImpEa - admin number:5
5251 [main] ERROR org.hibernate.hql.PARSER - line 1:49: unexpected token: and
5342 [main] DEBUG com.app.manager.ea.api.ImpEa - 初始化数据
5733 [main] DEBUG com.app.manager.ea.api.ImpEa - r0 的user number:0
5733 [main] DEBUG com.app.manager.ea.api.ImpEa - admin number:5
5749 [main] ERROR org.hibernate.hql.PARSER - line 1:51: unexpected token: and
5730 [main] DEBUG com.app.manager.ea.api.ImpEa - 初始化数据
6185 [main] DEBUG com.app.manager.ea.api.ImpEa - r0 的user number:0
6185 [main] DEBUG com.app.manager.ea.api.ImpEa - admin number:5
6200 [main] ERROR org.hibernate.hql.PARSER - line 1:55: unexpected token: and
5154 [main] DEBUG com.app.manager.ea.api.ImpEa - 初始化数据
5654 [main] DEBUG com.app.manager.ea.api.ImpEa - r0 的user number:0
5654 [main] DEBUG com.app.manager.ea.api.ImpEa - admin number:5
5669 [main] ERROR org.hibernate.hql.PARSER - line 1:51: unexpected token: and
4278 [main] DEBUG com.app.manager.ea.api.ImpEa - 初始化数据
4638 [main] DEBUG com.app.manager.ea.api.ImpEa - r0 的user number:0
4638 [main] DEBUG com.app.manager.ea.api.ImpEa - admin number:5
4638 [main] ERROR org.hibernate.hql.PARSER - line 1:43: unexpected token: and
4280 [main] DEBUG com.app.manager.ea.api.ImpEa - 初始化数据
4624 [main] DEBUG com.app.manager.ea.api.ImpEa - r0 的user number:0
4624 [main] DEBUG com.app.manager.ea.api.ImpEa - admin number:5
4640 [main] DEBUG com.app.testCase2 - 组织架构管理0
4640 [main] DEBUG com.app.testCase2 - 系统管理0
4640 [main] DEBUG com.app.testCase2 - 人员管理0
4640 [main] DEBUG com.app.testCase2 - 职位管理0
4640 [main] DEBUG com.app.testCase2 - 岗位管理0
5326 [main] DEBUG com.app.manager.ea.api.ImpEa - 初始化数据
5686 [main] DEBUG com.app.manager.ea.api.ImpEa - r0 的user number:0
5686 [main] DEBUG com.app.manager.ea.api.ImpEa - admin number:5
5717 [main] DEBUG com.app.testCase2 - 组织架构管理0
5717 [main] DEBUG com.app.testCase2 - 系统管理0
5717 [main] DEBUG com.app.testCase2 - 人员管理0
5717 [main] DEBUG com.app.testCase2 - 职位管理0
5717 [main] DEBUG com.app.testCase2 - 岗位管理0
4654 [main] DEBUG com.app.manager.ea.api.ImpEa - 初始化数据
4952 [main] DEBUG com.app.manager.ea.api.ImpEa - r0 的user number:0
4952 [main] DEBUG com.app.manager.ea.api.ImpEa - admin number:5
4967 [main] DEBUG com.app.testCase2 - 系统管理0
4967 [main] DEBUG com.app.testCase2 - 组织架构管理0
4967 [main] DEBUG com.app.testCase2 - 岗位管理0
4967 [main] DEBUG com.app.testCase2 - 职位管理0
4967 [main] DEBUG com.app.testCase2 - 人员管理0
4967 [main] DEBUG com.app.testCase2 - 资源管理0
4967 [main] DEBUG com.app.testCase2 - 邮件服务器设置 0
4967 [main] DEBUG com.app.testCase2 - 系统参数 0
5201 [main] DEBUG com.app.manager.ea.api.ImpEa - 初始化数据
5592 [main] DEBUG com.app.manager.ea.api.ImpEa - r0 的user number:0
5592 [main] DEBUG com.app.manager.ea.api.ImpEa - admin number:5
5779 [main] DEBUG com.app.testCase2 - 资源管理0
5779 [main] DEBUG com.app.testCase2 - 邮件服务器设置 0
5779 [main] DEBUG com.app.testCase2 - 系统参数 0
4060 [main] DEBUG com.app.manager.ea.api.ImpEa - 初始化数据
4342 [main] DEBUG com.app.manager.ea.api.ImpEa - r0 的user number:0
4342 [main] DEBUG com.app.manager.ea.api.ImpEa - admin number:5
4373 [main] DEBUG com.app.testCase2 - 系统管理0
4373 [main] DEBUG com.app.testCase2 - 组织架构管理0
4373 [main] DEBUG com.app.testCase2 - 岗位管理0
4373 [main] DEBUG com.app.testCase2 - 职位管理0
4389 [main] DEBUG com.app.testCase2 - 人员管理0
4389 [main] DEBUG com.app.testCase2 - 资源管理0
4389 [main] DEBUG com.app.testCase2 - 邮件服务器设置 0
4389 [main] DEBUG com.app.testCase2 - 系统参数 0
4983 [main] DEBUG com.app.manager.ea.api.ImpEa - 初始化数据
5374 [main] DEBUG com.app.manager.ea.api.ImpEa - r0 的user number:0
5390 [main] DEBUG com.app.manager.ea.api.ImpEa - admin number:5
4951 [main] DEBUG com.app.manager.ea.api.ImpEa - 初始化数据
5342 [main] DEBUG com.app.manager.ea.api.ImpEa - r0 的user number:0
5342 [main] DEBUG com.app.manager.ea.api.ImpEa - admin number:5
5374 [main] DEBUG com.app.testCase2 - 没有授权给用户的资源个数：3
4265 [main] DEBUG com.app.manager.ea.api.ImpEa - 初始化数据
4594 [main] DEBUG com.app.manager.ea.api.ImpEa - r0 的user number:0
4594 [main] DEBUG com.app.manager.ea.api.ImpEa - admin number:5
4640 [main] DEBUG com.app.testCase2 - 没有授权给用户的资源个数：3
4656 [main] DEBUG com.app.testCase2 - 没有授权给角色的资源个数：8
4185 [main] DEBUG com.app.manager.ea.api.ImpEa - 初始化数据
4545 [main] DEBUG com.app.manager.ea.api.ImpEa - r0 的user number:0
4545 [main] DEBUG com.app.manager.ea.api.ImpEa - admin number:5
4592 [main] DEBUG com.app.testCase2 - 授权给用户的资源个数：5
4623 [main] DEBUG com.app.testCase2 - 授权给角色的资源个数：0
4857 [main] DEBUG com.app.manager.ea.api.ImpEa - 初始化数据
5217 [main] DEBUG com.app.manager.ea.api.ImpEa - r0 的user number:0
5233 [main] DEBUG com.app.manager.ea.api.ImpEa - admin number:5
5264 [main] DEBUG com.app.testCase2 - 授权给用户的资源个数：5
5280 [main] DEBUG com.app.testCase2 - 授权给角色的资源个数：0
5326 [main] DEBUG com.app.testCase2 - 授权给角色组的资源个数：0
4794 [main] DEBUG com.app.manager.ea.api.ImpEa - 初始化数据
5155 [main] DEBUG com.app.manager.ea.api.ImpEa - r0 的user number:0
5155 [main] DEBUG com.app.manager.ea.api.ImpEa - admin number:5
5186 [main] DEBUG com.app.testCase2 - 授权给用户的资源个数：5
5202 [main] DEBUG com.app.testCase2 - 授权给角色的资源个数：0
5217 [main] DEBUG com.app.testCase2 - 授权给角色组的资源个数：0
5233 [main] ERROR org.hibernate.hql.PARSER - line 1:221: unexpected token: r
5637 [main] DEBUG com.app.manager.ea.api.ImpEa - 初始化数据
5997 [main] DEBUG com.app.manager.ea.api.ImpEa - r0 的user number:0
5997 [main] DEBUG com.app.manager.ea.api.ImpEa - admin number:5
6044 [main] DEBUG com.app.testCase2 - 授权给用户的资源个数：5
6059 [main] DEBUG com.app.testCase2 - 授权给角色的资源个数：0
6091 [main] DEBUG com.app.testCase2 - 授权给角色组的资源个数：0
6137 [main] DEBUG com.app.testCase2 - 没有授权给三种媒体的资源个数：8
4653 [main] DEBUG com.app.manager.ea.api.ImpEa - 初始化数据
4998 [main] DEBUG com.app.manager.ea.api.ImpEa - r0 的user number:0
4998 [main] DEBUG com.app.manager.ea.api.ImpEa - admin number:5
5044 [main] DEBUG com.app.testCase2 - 授权给用户的资源个数：5
5060 [main] DEBUG com.app.testCase2 - 授权给角色的资源个数：0
5076 [main] DEBUG com.app.testCase2 - 授权给角色组的资源个数：0
5107 [main] DEBUG com.app.testCase2 - 没有授权给三种媒体的资源个数：3
6121 [main] DEBUG com.app.manager.ea.api.ImpEa - 初始化数据
6558 [main] DEBUG com.app.manager.ea.api.ImpEa - admin0
6621 [main] DEBUG com.app.testCase2 - admin resource numbers:8
6636 [main] DEBUG com.app.manager.ea.api.ImpEa - test0
6636 [main] DEBUG com.app.testCase2 - test resource numbers:0
4939 [main] DEBUG com.app.manager.ea.api.ImpEa - 初始化数据
5315 [main] DEBUG com.app.manager.ea.api.ImpEa - admin0
5377 [main] DEBUG com.app.testCase2 - admin resource numbers:8
5377 [main] DEBUG com.app.manager.ea.api.ImpEa - test0
5393 [main] DEBUG com.app.testCase2 - test resource numbers:0
15787 [main] DEBUG com.app.manager.ea.api.ImpEa - 初始化数据
16507 [main] DEBUG com.app.manager.ea.api.ImpEa - admin0
16585 [main] DEBUG com.app.manager.ea.api.ImpEa - test0
5736 [main] DEBUG c.app.manager.ea.demo.ImpItCompany - 初始化数据
8048 [main] DEBUG com.app.manager.ea.demo.ParentDemo - organizeId=8
8048 [main] DEBUG com.app.manager.ea.demo.ParentDemo - rolegroupIdString=6
8127 [main] DEBUG com.app.manager.ea.demo.ParentDemo - 员工
8158 [main] DEBUG com.app.manager.ea.demo.ParentDemo - organizeId=10
8158 [main] DEBUG com.app.manager.ea.demo.ParentDemo - rolegroupIdString=6
8174 [main] DEBUG com.app.manager.ea.demo.ParentDemo - 员工
8205 [main] DEBUG com.app.manager.ea.demo.ParentDemo - organizeId=11
8205 [main] DEBUG com.app.manager.ea.demo.ParentDemo - rolegroupIdString=6
8236 [main] DEBUG com.app.manager.ea.demo.ParentDemo - 员工
8252 [main] DEBUG com.app.manager.ea.demo.ParentDemo - organizeId=16
8252 [main] DEBUG com.app.manager.ea.demo.ParentDemo - rolegroupIdString=11-12
8283 [main] DEBUG com.app.manager.ea.demo.ParentDemo - 组长
8298 [main] DEBUG com.app.manager.ea.demo.ParentDemo - 成员
8314 [main] DEBUG com.app.manager.ea.demo.ParentDemo - organizeId=17
8314 [main] DEBUG com.app.manager.ea.demo.ParentDemo - rolegroupIdString=11-12
8345 [main] DEBUG com.app.manager.ea.demo.ParentDemo - 组长
8376 [main] DEBUG com.app.manager.ea.demo.ParentDemo - 成员
8392 [main] DEBUG com.app.manager.ea.demo.ParentDemo - organizeId=18
8392 [main] DEBUG com.app.manager.ea.demo.ParentDemo - rolegroupIdString=11-12
8408 [main] DEBUG com.app.manager.ea.demo.ParentDemo - 组长
8439 [main] DEBUG com.app.manager.ea.demo.ParentDemo - 成员
8470 [main] DEBUG com.app.manager.ea.demo.ParentDemo - organizeId=19
8470 [main] DEBUG com.app.manager.ea.demo.ParentDemo - rolegroupIdString=11-12
8486 [main] DEBUG com.app.manager.ea.demo.ParentDemo - 组长
8517 [main] DEBUG com.app.manager.ea.demo.ParentDemo - 成员
8532 [main] DEBUG com.app.manager.ea.demo.ParentDemo - organizeId=20
8532 [main] DEBUG com.app.manager.ea.demo.ParentDemo - rolegroupIdString=11-12
8548 [main] DEBUG com.app.manager.ea.demo.ParentDemo - 组长
8579 [main] DEBUG com.app.manager.ea.demo.ParentDemo - 成员
8610 [main] DEBUG com.app.manager.ea.demo.ParentDemo - organizeId=21
8610 [main] DEBUG com.app.manager.ea.demo.ParentDemo - rolegroupIdString=11-12
8626 [main] DEBUG com.app.manager.ea.demo.ParentDemo - 组长
8657 [main] DEBUG com.app.manager.ea.demo.ParentDemo - 成员
8673 [main] DEBUG com.app.manager.ea.demo.ParentDemo - organizeId=22
8673 [main] DEBUG com.app.manager.ea.demo.ParentDemo - rolegroupIdString=11-12
8704 [main] DEBUG com.app.manager.ea.demo.ParentDemo - 组长
8735 [main] DEBUG com.app.manager.ea.demo.ParentDemo - 成员
8751 [main] DEBUG com.app.manager.ea.demo.ParentDemo - organizeId=23
8751 [main] DEBUG com.app.manager.ea.demo.ParentDemo - rolegroupIdString=11-12
8860 [main] DEBUG com.app.manager.ea.demo.ParentDemo - 组长
8891 [main] DEBUG com.app.manager.ea.demo.ParentDemo - 成员
8907 [main] DEBUG com.app.manager.ea.demo.ParentDemo - organizeId=24
8907 [main] DEBUG com.app.manager.ea.demo.ParentDemo - rolegroupIdString=11-12
8938 [main] DEBUG com.app.manager.ea.demo.ParentDemo - 组长
8969 [main] DEBUG com.app.manager.ea.demo.ParentDemo - 成员
9000 [main] DEBUG com.app.manager.ea.demo.ParentDemo - organizeId=25
9000 [main] DEBUG com.app.manager.ea.demo.ParentDemo - rolegroupIdString=11-12
9016 [main] DEBUG com.app.manager.ea.demo.ParentDemo - 组长
9047 [main] DEBUG com.app.manager.ea.demo.ParentDemo - 成员
9063 [main] DEBUG com.app.manager.ea.demo.ParentDemo - organizeId=26
9063 [main] DEBUG com.app.manager.ea.demo.ParentDemo - rolegroupIdString=11-12
9095 [main] DEBUG com.app.manager.ea.demo.ParentDemo - 组长
9126 [main] DEBUG com.app.manager.ea.demo.ParentDemo - 成员
9157 [main] DEBUG com.app.manager.ea.demo.ParentDemo - organizeId=10
9157 [main] DEBUG com.app.manager.ea.demo.ParentDemo - rolegroupIdString=7
9189 [main] DEBUG com.app.manager.ea.demo.ParentDemo - APR接口人
9205 [main] DEBUG com.app.manager.ea.demo.ParentDemo - organizeId=11
9205 [main] DEBUG com.app.manager.ea.demo.ParentDemo - rolegroupIdString=7
9221 [main] DEBUG com.app.manager.ea.demo.ParentDemo - APR接口人
9283 [main] DEBUG com.app.manager.ea.api.ImpEa - admin0
5816 [main] DEBUG com.app.manager.ea.api.ImpEa - test0
6608 [main] ERROR o.s.test.context.TestContextManager - Caught exception while allowing TestExecutionListener [org.springframework.test.context.web.ServletTestExecutionListener@1e779a1] to prepare test instance [SpringEaTest@1e26e52]
java.lang.IllegalStateException: Failed to load ApplicationContext
	at org.springframework.test.context.TestContext.getApplicationContext(TestContext.java:157) ~[spring-test-3.2.1.RELEASE.jar:3.2.1.RELEASE]
	at org.springframework.test.context.web.ServletTestExecutionListener.setUpRequestContextIfNecessary(ServletTestExecutionListener.java:103) ~[spring-test-3.2.1.RELEASE.jar:3.2.1.RELEASE]
	at org.springframework.test.context.web.ServletTestExecutionListener.prepareTestInstance(ServletTestExecutionListener.java:73) ~[spring-test-3.2.1.RELEASE.jar:3.2.1.RELEASE]
	at org.springframework.test.context.TestContextManager.prepareTestInstance(TestContextManager.java:313) ~[spring-test-3.2.1.RELEASE.jar:3.2.1.RELEASE]
	at org.springframework.test.context.junit4.SpringJUnit4ClassRunner.createTest(SpringJUnit4ClassRunner.java:211) [spring-test-3.2.1.RELEASE.jar:3.2.1.RELEASE]
	at org.springframework.test.context.junit4.SpringJUnit4ClassRunner$1.runReflectiveCall(SpringJUnit4ClassRunner.java:288) [spring-test-3.2.1.RELEASE.jar:3.2.1.RELEASE]
	at org.junit.internal.runners.model.ReflectiveCallable.run(ReflectiveCallable.java:15) [junit-4.9.jar:na]
	at org.springframework.test.context.junit4.SpringJUnit4ClassRunner.methodBlock(SpringJUnit4ClassRunner.java:284) [spring-test-3.2.1.RELEASE.jar:3.2.1.RELEASE]
	at org.springframework.test.context.junit4.SpringJUnit4ClassRunner.runChild(SpringJUnit4ClassRunner.java:231) [spring-test-3.2.1.RELEASE.jar:3.2.1.RELEASE]
	at org.springframework.test.context.junit4.SpringJUnit4ClassRunner.runChild(SpringJUnit4ClassRunner.java:88) [spring-test-3.2.1.RELEASE.jar:3.2.1.RELEASE]
	at org.junit.runners.ParentRunner$3.run(ParentRunner.java:231) [junit-4.9.jar:na]
	at org.junit.runners.ParentRunner$1.schedule(ParentRunner.java:60) [junit-4.9.jar:na]
	at org.junit.runners.ParentRunner.runChildren(ParentRunner.java:229) [junit-4.9.jar:na]
	at org.junit.runners.ParentRunner.access$000(ParentRunner.java:50) [junit-4.9.jar:na]
	at org.junit.runners.ParentRunner$2.evaluate(ParentRunner.java:222) [junit-4.9.jar:na]
	at org.springframework.test.context.junit4.statements.RunBeforeTestClassCallbacks.evaluate(RunBeforeTestClassCallbacks.java:61) [spring-test-3.2.1.RELEASE.jar:3.2.1.RELEASE]
	at org.springframework.test.context.junit4.statements.RunAfterTestClassCallbacks.evaluate(RunAfterTestClassCallbacks.java:71) [spring-test-3.2.1.RELEASE.jar:3.2.1.RELEASE]
	at org.junit.runners.ParentRunner.run(ParentRunner.java:292) [junit-4.9.jar:na]
	at org.springframework.test.context.junit4.SpringJUnit4ClassRunner.run(SpringJUnit4ClassRunner.java:174) [spring-test-3.2.1.RELEASE.jar:3.2.1.RELEASE]
	at org.eclipse.jdt.internal.junit4.runner.JUnit4TestReference.run(JUnit4TestReference.java:50) [.cp/:na]
	at org.eclipse.jdt.internal.junit.runner.TestExecution.run(TestExecution.java:38) [.cp/:na]
	at org.eclipse.jdt.internal.junit.runner.RemoteTestRunner.runTests(RemoteTestRunner.java:467) [.cp/:na]
	at org.eclipse.jdt.internal.junit.runner.RemoteTestRunner.runTests(RemoteTestRunner.java:683) [.cp/:na]
	at org.eclipse.jdt.internal.junit.runner.RemoteTestRunner.run(RemoteTestRunner.java:390) [.cp/:na]
	at org.eclipse.jdt.internal.junit.runner.RemoteTestRunner.main(RemoteTestRunner.java:197) [.cp/:na]
Caused by: org.springframework.beans.factory.BeanCreationException: Error creating bean with name 'editAction': Injection of resource dependencies failed; nested exception is org.springframework.beans.factory.BeanCreationException: Error creating bean with name 'impEa': Injection of resource dependencies failed; nested exception is org.springframework.beans.factory.NoSuchBeanDefinitionException: No bean named 'impItCompany' is defined
	at org.springframework.context.annotation.CommonAnnotationBeanPostProcessor.postProcessPropertyValues(CommonAnnotationBeanPostProcessor.java:306) ~[spring-context-3.2.1.RELEASE.jar:3.2.1.RELEASE]
	at org.springframework.beans.factory.support.AbstractAutowireCapableBeanFactory.populateBean(AbstractAutowireCapableBeanFactory.java:1120) ~[spring-beans-3.2.1.RELEASE.jar:3.2.1.RELEASE]
	at org.springframework.beans.factory.support.AbstractAutowireCapableBeanFactory.doCreateBean(AbstractAutowireCapableBeanFactory.java:522) ~[spring-beans-3.2.1.RELEASE.jar:3.2.1.RELEASE]
	at org.springframework.beans.factory.support.AbstractAutowireCapableBeanFactory.createBean(AbstractAutowireCapableBeanFactory.java:461) ~[spring-beans-3.2.1.RELEASE.jar:3.2.1.RELEASE]
	at org.springframework.beans.factory.support.AbstractBeanFactory$1.getObject(AbstractBeanFactory.java:295) ~[spring-beans-3.2.1.RELEASE.jar:3.2.1.RELEASE]
	at org.springframework.beans.factory.support.DefaultSingletonBeanRegistry.getSingleton(DefaultSingletonBeanRegistry.java:223) ~[spring-beans-3.2.1.RELEASE.jar:3.2.1.RELEASE]
	at org.springframework.beans.factory.support.AbstractBeanFactory.doGetBean(AbstractBeanFactory.java:292) ~[spring-beans-3.2.1.RELEASE.jar:3.2.1.RELEASE]
	at org.springframework.beans.factory.support.AbstractBeanFactory.getBean(AbstractBeanFactory.java:194) ~[spring-beans-3.2.1.RELEASE.jar:3.2.1.RELEASE]
	at org.springframework.beans.factory.support.DefaultListableBeanFactory.preInstantiateSingletons(DefaultListableBeanFactory.java:626) ~[spring-beans-3.2.1.RELEASE.jar:3.2.1.RELEASE]
	at org.springframework.context.support.AbstractApplicationContext.finishBeanFactoryInitialization(AbstractApplicationContext.java:932) ~[spring-context-3.2.1.RELEASE.jar:3.2.1.RELEASE]
	at org.springframework.context.support.AbstractApplicationContext.refresh(AbstractApplicationContext.java:479) ~[spring-context-3.2.1.RELEASE.jar:3.2.1.RELEASE]
	at org.springframework.test.context.support.AbstractGenericContextLoader.loadContext(AbstractGenericContextLoader.java:106) ~[spring-test-3.2.1.RELEASE.jar:3.2.1.RELEASE]
	at org.springframework.test.context.support.AbstractGenericContextLoader.loadContext(AbstractGenericContextLoader.java:57) ~[spring-test-3.2.1.RELEASE.jar:3.2.1.RELEASE]
	at org.springframework.test.context.support.AbstractDelegatingSmartContextLoader.delegateLoading(AbstractDelegatingSmartContextLoader.java:100) ~[spring-test-3.2.1.RELEASE.jar:3.2.1.RELEASE]
	at org.springframework.test.context.support.AbstractDelegatingSmartContextLoader.loadContext(AbstractDelegatingSmartContextLoader.java:248) ~[spring-test-3.2.1.RELEASE.jar:3.2.1.RELEASE]
	at org.springframework.test.context.TestContext.loadApplicationContext(TestContext.java:124) ~[spring-test-3.2.1.RELEASE.jar:3.2.1.RELEASE]
	at org.springframework.test.context.TestContext.getApplicationContext(TestContext.java:148) ~[spring-test-3.2.1.RELEASE.jar:3.2.1.RELEASE]
	... 24 common frames omitted
Caused by: org.springframework.beans.factory.BeanCreationException: Error creating bean with name 'impEa': Injection of resource dependencies failed; nested exception is org.springframework.beans.factory.NoSuchBeanDefinitionException: No bean named 'impItCompany' is defined
	at org.springframework.context.annotation.CommonAnnotationBeanPostProcessor.postProcessPropertyValues(CommonAnnotationBeanPostProcessor.java:306) ~[spring-context-3.2.1.RELEASE.jar:3.2.1.RELEASE]
	at org.springframework.beans.factory.support.AbstractAutowireCapableBeanFactory.populateBean(AbstractAutowireCapableBeanFactory.java:1120) ~[spring-beans-3.2.1.RELEASE.jar:3.2.1.RELEASE]
	at org.springframework.beans.factory.support.AbstractAutowireCapableBeanFactory.doCreateBean(AbstractAutowireCapableBeanFactory.java:522) ~[spring-beans-3.2.1.RELEASE.jar:3.2.1.RELEASE]
	at org.springframework.beans.factory.support.AbstractAutowireCapableBeanFactory.createBean(AbstractAutowireCapableBeanFactory.java:461) ~[spring-beans-3.2.1.RELEASE.jar:3.2.1.RELEASE]
	at org.springframework.beans.factory.support.AbstractBeanFactory$1.getObject(AbstractBeanFactory.java:295) ~[spring-beans-3.2.1.RELEASE.jar:3.2.1.RELEASE]
	at org.springframework.beans.factory.support.DefaultSingletonBeanRegistry.getSingleton(DefaultSingletonBeanRegistry.java:223) ~[spring-beans-3.2.1.RELEASE.jar:3.2.1.RELEASE]
	at org.springframework.beans.factory.support.AbstractBeanFactory.doGetBean(AbstractBeanFactory.java:292) ~[spring-beans-3.2.1.RELEASE.jar:3.2.1.RELEASE]
	at org.springframework.beans.factory.support.AbstractBeanFactory.getBean(AbstractBeanFactory.java:198) ~[spring-beans-3.2.1.RELEASE.jar:3.2.1.RELEASE]
	at org.springframework.context.annotation.CommonAnnotationBeanPostProcessor.autowireResource(CommonAnnotationBeanPostProcessor.java:442) ~[spring-context-3.2.1.RELEASE.jar:3.2.1.RELEASE]
	at org.springframework.context.annotation.CommonAnnotationBeanPostProcessor.getResource(CommonAnnotationBeanPostProcessor.java:416) ~[spring-context-3.2.1.RELEASE.jar:3.2.1.RELEASE]
	at org.springframework.context.annotation.CommonAnnotationBeanPostProcessor$ResourceElement.getResourceToInject(CommonAnnotationBeanPostProcessor.java:550) ~[spring-context-3.2.1.RELEASE.jar:3.2.1.RELEASE]
	at org.springframework.beans.factory.annotation.InjectionMetadata$InjectedElement.inject(InjectionMetadata.java:159) ~[spring-beans-3.2.1.RELEASE.jar:3.2.1.RELEASE]
	at org.springframework.beans.factory.annotation.InjectionMetadata.inject(InjectionMetadata.java:87) ~[spring-beans-3.2.1.RELEASE.jar:3.2.1.RELEASE]
	at org.springframework.context.annotation.CommonAnnotationBeanPostProcessor.postProcessPropertyValues(CommonAnnotationBeanPostProcessor.java:303) ~[spring-context-3.2.1.RELEASE.jar:3.2.1.RELEASE]
	... 40 common frames omitted
Caused by: org.springframework.beans.factory.NoSuchBeanDefinitionException: No bean named 'impItCompany' is defined
	at org.springframework.beans.factory.support.DefaultListableBeanFactory.getBeanDefinition(DefaultListableBeanFactory.java:568) ~[spring-beans-3.2.1.RELEASE.jar:3.2.1.RELEASE]
	at org.springframework.beans.factory.support.AbstractBeanFactory.getMergedLocalBeanDefinition(AbstractBeanFactory.java:1099) ~[spring-beans-3.2.1.RELEASE.jar:3.2.1.RELEASE]
	at org.springframework.beans.factory.support.AbstractBeanFactory.doGetBean(AbstractBeanFactory.java:278) ~[spring-beans-3.2.1.RELEASE.jar:3.2.1.RELEASE]
	at org.springframework.beans.factory.support.AbstractBeanFactory.getBean(AbstractBeanFactory.java:198) ~[spring-beans-3.2.1.RELEASE.jar:3.2.1.RELEASE]
	at org.springframework.context.annotation.CommonAnnotationBeanPostProcessor.autowireResource(CommonAnnotationBeanPostProcessor.java:442) ~[spring-context-3.2.1.RELEASE.jar:3.2.1.RELEASE]
	at org.springframework.context.annotation.CommonAnnotationBeanPostProcessor.getResource(CommonAnnotationBeanPostProcessor.java:416) ~[spring-context-3.2.1.RELEASE.jar:3.2.1.RELEASE]
	at org.springframework.context.annotation.CommonAnnotationBeanPostProcessor$ResourceElement.getResourceToInject(CommonAnnotationBeanPostProcessor.java:550) ~[spring-context-3.2.1.RELEASE.jar:3.2.1.RELEASE]
	at org.springframework.beans.factory.annotation.InjectionMetadata$InjectedElement.inject(InjectionMetadata.java:159) ~[spring-beans-3.2.1.RELEASE.jar:3.2.1.RELEASE]
	at org.springframework.beans.factory.annotation.InjectionMetadata.inject(InjectionMetadata.java:87) ~[spring-beans-3.2.1.RELEASE.jar:3.2.1.RELEASE]
	at org.springframework.context.annotation.CommonAnnotationBeanPostProcessor.postProcessPropertyValues(CommonAnnotationBeanPostProcessor.java:303) ~[spring-context-3.2.1.RELEASE.jar:3.2.1.RELEASE]
	... 53 common frames omitted
14022 [main] ERROR o.s.test.context.TestContextManager - Caught exception while allowing TestExecutionListener [org.springframework.test.context.web.ServletTestExecutionListener@1be52c0] to prepare test instance [SpringEaTest@2acfa2]
java.lang.IllegalStateException: Failed to load ApplicationContext
	at org.springframework.test.context.TestContext.getApplicationContext(TestContext.java:157) ~[spring-test-3.2.1.RELEASE.jar:3.2.1.RELEASE]
	at org.springframework.test.context.web.ServletTestExecutionListener.setUpRequestContextIfNecessary(ServletTestExecutionListener.java:103) ~[spring-test-3.2.1.RELEASE.jar:3.2.1.RELEASE]
	at org.springframework.test.context.web.ServletTestExecutionListener.prepareTestInstance(ServletTestExecutionListener.java:73) ~[spring-test-3.2.1.RELEASE.jar:3.2.1.RELEASE]
	at org.springframework.test.context.TestContextManager.prepareTestInstance(TestContextManager.java:313) ~[spring-test-3.2.1.RELEASE.jar:3.2.1.RELEASE]
	at org.springframework.test.context.junit4.SpringJUnit4ClassRunner.createTest(SpringJUnit4ClassRunner.java:211) [spring-test-3.2.1.RELEASE.jar:3.2.1.RELEASE]
	at org.springframework.test.context.junit4.SpringJUnit4ClassRunner$1.runReflectiveCall(SpringJUnit4ClassRunner.java:288) [spring-test-3.2.1.RELEASE.jar:3.2.1.RELEASE]
	at org.junit.internal.runners.model.ReflectiveCallable.run(ReflectiveCallable.java:15) [junit-4.9.jar:na]
	at org.springframework.test.context.junit4.SpringJUnit4ClassRunner.methodBlock(SpringJUnit4ClassRunner.java:284) [spring-test-3.2.1.RELEASE.jar:3.2.1.RELEASE]
	at org.springframework.test.context.junit4.SpringJUnit4ClassRunner.runChild(SpringJUnit4ClassRunner.java:231) [spring-test-3.2.1.RELEASE.jar:3.2.1.RELEASE]
	at org.springframework.test.context.junit4.SpringJUnit4ClassRunner.runChild(SpringJUnit4ClassRunner.java:88) [spring-test-3.2.1.RELEASE.jar:3.2.1.RELEASE]
	at org.junit.runners.ParentRunner$3.run(ParentRunner.java:231) [junit-4.9.jar:na]
	at org.junit.runners.ParentRunner$1.schedule(ParentRunner.java:60) [junit-4.9.jar:na]
	at org.junit.runners.ParentRunner.runChildren(ParentRunner.java:229) [junit-4.9.jar:na]
	at org.junit.runners.ParentRunner.access$000(ParentRunner.java:50) [junit-4.9.jar:na]
	at org.junit.runners.ParentRunner$2.evaluate(ParentRunner.java:222) [junit-4.9.jar:na]
	at org.springframework.test.context.junit4.statements.RunBeforeTestClassCallbacks.evaluate(RunBeforeTestClassCallbacks.java:61) [spring-test-3.2.1.RELEASE.jar:3.2.1.RELEASE]
	at org.springframework.test.context.junit4.statements.RunAfterTestClassCallbacks.evaluate(RunAfterTestClassCallbacks.java:71) [spring-test-3.2.1.RELEASE.jar:3.2.1.RELEASE]
	at org.junit.runners.ParentRunner.run(ParentRunner.java:292) [junit-4.9.jar:na]
	at org.springframework.test.context.junit4.SpringJUnit4ClassRunner.run(SpringJUnit4ClassRunner.java:174) [spring-test-3.2.1.RELEASE.jar:3.2.1.RELEASE]
	at org.eclipse.jdt.internal.junit4.runner.JUnit4TestReference.run(JUnit4TestReference.java:50) [.cp/:na]
	at org.eclipse.jdt.internal.junit.runner.TestExecution.run(TestExecution.java:38) [.cp/:na]
	at org.eclipse.jdt.internal.junit.runner.RemoteTestRunner.runTests(RemoteTestRunner.java:467) [.cp/:na]
	at org.eclipse.jdt.internal.junit.runner.RemoteTestRunner.runTests(RemoteTestRunner.java:683) [.cp/:na]
	at org.eclipse.jdt.internal.junit.runner.RemoteTestRunner.run(RemoteTestRunner.java:390) [.cp/:na]
	at org.eclipse.jdt.internal.junit.runner.RemoteTestRunner.main(RemoteTestRunner.java:197) [.cp/:na]
Caused by: org.springframework.beans.factory.BeanCreationException: Error creating bean with name 'editAction': Injection of resource dependencies failed; nested exception is org.springframework.beans.factory.BeanCreationException: Error creating bean with name 'impEa': Injection of resource dependencies failed; nested exception is org.springframework.beans.factory.NoSuchBeanDefinitionException: No bean named 'impItCompany' is defined
	at org.springframework.context.annotation.CommonAnnotationBeanPostProcessor.postProcessPropertyValues(CommonAnnotationBeanPostProcessor.java:306) ~[spring-context-3.2.1.RELEASE.jar:3.2.1.RELEASE]
	at org.springframework.beans.factory.support.AbstractAutowireCapableBeanFactory.populateBean(AbstractAutowireCapableBeanFactory.java:1120) ~[spring-beans-3.2.1.RELEASE.jar:3.2.1.RELEASE]
	at org.springframework.beans.factory.support.AbstractAutowireCapableBeanFactory.doCreateBean(AbstractAutowireCapableBeanFactory.java:522) ~[spring-beans-3.2.1.RELEASE.jar:3.2.1.RELEASE]
	at org.springframework.beans.factory.support.AbstractAutowireCapableBeanFactory.createBean(AbstractAutowireCapableBeanFactory.java:461) ~[spring-beans-3.2.1.RELEASE.jar:3.2.1.RELEASE]
	at org.springframework.beans.factory.support.AbstractBeanFactory$1.getObject(AbstractBeanFactory.java:295) ~[spring-beans-3.2.1.RELEASE.jar:3.2.1.RELEASE]
	at org.springframework.beans.factory.support.DefaultSingletonBeanRegistry.getSingleton(DefaultSingletonBeanRegistry.java:223) ~[spring-beans-3.2.1.RELEASE.jar:3.2.1.RELEASE]
	at org.springframework.beans.factory.support.AbstractBeanFactory.doGetBean(AbstractBeanFactory.java:292) ~[spring-beans-3.2.1.RELEASE.jar:3.2.1.RELEASE]
	at org.springframework.beans.factory.support.AbstractBeanFactory.getBean(AbstractBeanFactory.java:194) ~[spring-beans-3.2.1.RELEASE.jar:3.2.1.RELEASE]
	at org.springframework.beans.factory.support.DefaultListableBeanFactory.preInstantiateSingletons(DefaultListableBeanFactory.java:626) ~[spring-beans-3.2.1.RELEASE.jar:3.2.1.RELEASE]
	at org.springframework.context.support.AbstractApplicationContext.finishBeanFactoryInitialization(AbstractApplicationContext.java:932) ~[spring-context-3.2.1.RELEASE.jar:3.2.1.RELEASE]
	at org.springframework.context.support.AbstractApplicationContext.refresh(AbstractApplicationContext.java:479) ~[spring-context-3.2.1.RELEASE.jar:3.2.1.RELEASE]
	at org.springframework.test.context.support.AbstractGenericContextLoader.loadContext(AbstractGenericContextLoader.java:106) ~[spring-test-3.2.1.RELEASE.jar:3.2.1.RELEASE]
	at org.springframework.test.context.support.AbstractGenericContextLoader.loadContext(AbstractGenericContextLoader.java:57) ~[spring-test-3.2.1.RELEASE.jar:3.2.1.RELEASE]
	at org.springframework.test.context.support.AbstractDelegatingSmartContextLoader.delegateLoading(AbstractDelegatingSmartContextLoader.java:100) ~[spring-test-3.2.1.RELEASE.jar:3.2.1.RELEASE]
	at org.springframework.test.context.support.AbstractDelegatingSmartContextLoader.loadContext(AbstractDelegatingSmartContextLoader.java:248) ~[spring-test-3.2.1.RELEASE.jar:3.2.1.RELEASE]
	at org.springframework.test.context.TestContext.loadApplicationContext(TestContext.java:124) ~[spring-test-3.2.1.RELEASE.jar:3.2.1.RELEASE]
	at org.springframework.test.context.TestContext.getApplicationContext(TestContext.java:148) ~[spring-test-3.2.1.RELEASE.jar:3.2.1.RELEASE]
	... 24 common frames omitted
Caused by: org.springframework.beans.factory.BeanCreationException: Error creating bean with name 'impEa': Injection of resource dependencies failed; nested exception is org.springframework.beans.factory.NoSuchBeanDefinitionException: No bean named 'impItCompany' is defined
	at org.springframework.context.annotation.CommonAnnotationBeanPostProcessor.postProcessPropertyValues(CommonAnnotationBeanPostProcessor.java:306) ~[spring-context-3.2.1.RELEASE.jar:3.2.1.RELEASE]
	at org.springframework.beans.factory.support.AbstractAutowireCapableBeanFactory.populateBean(AbstractAutowireCapableBeanFactory.java:1120) ~[spring-beans-3.2.1.RELEASE.jar:3.2.1.RELEASE]
	at org.springframework.beans.factory.support.AbstractAutowireCapableBeanFactory.doCreateBean(AbstractAutowireCapableBeanFactory.java:522) ~[spring-beans-3.2.1.RELEASE.jar:3.2.1.RELEASE]
	at org.springframework.beans.factory.support.AbstractAutowireCapableBeanFactory.createBean(AbstractAutowireCapableBeanFactory.java:461) ~[spring-beans-3.2.1.RELEASE.jar:3.2.1.RELEASE]
	at org.springframework.beans.factory.support.AbstractBeanFactory$1.getObject(AbstractBeanFactory.java:295) ~[spring-beans-3.2.1.RELEASE.jar:3.2.1.RELEASE]
	at org.springframework.beans.factory.support.DefaultSingletonBeanRegistry.getSingleton(DefaultSingletonBeanRegistry.java:223) ~[spring-beans-3.2.1.RELEASE.jar:3.2.1.RELEASE]
	at org.springframework.beans.factory.support.AbstractBeanFactory.doGetBean(AbstractBeanFactory.java:292) ~[spring-beans-3.2.1.RELEASE.jar:3.2.1.RELEASE]
	at org.springframework.beans.factory.support.AbstractBeanFactory.getBean(AbstractBeanFactory.java:198) ~[spring-beans-3.2.1.RELEASE.jar:3.2.1.RELEASE]
	at org.springframework.context.annotation.CommonAnnotationBeanPostProcessor.autowireResource(CommonAnnotationBeanPostProcessor.java:442) ~[spring-context-3.2.1.RELEASE.jar:3.2.1.RELEASE]
	at org.springframework.context.annotation.CommonAnnotationBeanPostProcessor.getResource(CommonAnnotationBeanPostProcessor.java:416) ~[spring-context-3.2.1.RELEASE.jar:3.2.1.RELEASE]
	at org.springframework.context.annotation.CommonAnnotationBeanPostProcessor$ResourceElement.getResourceToInject(CommonAnnotationBeanPostProcessor.java:550) ~[spring-context-3.2.1.RELEASE.jar:3.2.1.RELEASE]
	at org.springframework.beans.factory.annotation.InjectionMetadata$InjectedElement.inject(InjectionMetadata.java:159) ~[spring-beans-3.2.1.RELEASE.jar:3.2.1.RELEASE]
	at org.springframework.beans.factory.annotation.InjectionMetadata.inject(InjectionMetadata.java:87) ~[spring-beans-3.2.1.RELEASE.jar:3.2.1.RELEASE]
	at org.springframework.context.annotation.CommonAnnotationBeanPostProcessor.postProcessPropertyValues(CommonAnnotationBeanPostProcessor.java:303) ~[spring-context-3.2.1.RELEASE.jar:3.2.1.RELEASE]
	... 40 common frames omitted
Caused by: org.springframework.beans.factory.NoSuchBeanDefinitionException: No bean named 'impItCompany' is defined
	at org.springframework.beans.factory.support.DefaultListableBeanFactory.getBeanDefinition(DefaultListableBeanFactory.java:568) ~[spring-beans-3.2.1.RELEASE.jar:3.2.1.RELEASE]
	at org.springframework.beans.factory.support.AbstractBeanFactory.getMergedLocalBeanDefinition(AbstractBeanFactory.java:1099) ~[spring-beans-3.2.1.RELEASE.jar:3.2.1.RELEASE]
	at org.springframework.beans.factory.support.AbstractBeanFactory.doGetBean(AbstractBeanFactory.java:278) ~[spring-beans-3.2.1.RELEASE.jar:3.2.1.RELEASE]
	at org.springframework.beans.factory.support.AbstractBeanFactory.getBean(AbstractBeanFactory.java:198) ~[spring-beans-3.2.1.RELEASE.jar:3.2.1.RELEASE]
	at org.springframework.context.annotation.CommonAnnotationBeanPostProcessor.autowireResource(CommonAnnotationBeanPostProcessor.java:442) ~[spring-context-3.2.1.RELEASE.jar:3.2.1.RELEASE]
	at org.springframework.context.annotation.CommonAnnotationBeanPostProcessor.getResource(CommonAnnotationBeanPostProcessor.java:416) ~[spring-context-3.2.1.RELEASE.jar:3.2.1.RELEASE]
	at org.springframework.context.annotation.CommonAnnotationBeanPostProcessor$ResourceElement.getResourceToInject(CommonAnnotationBeanPostProcessor.java:550) ~[spring-context-3.2.1.RELEASE.jar:3.2.1.RELEASE]
	at org.springframework.beans.factory.annotation.InjectionMetadata$InjectedElement.inject(InjectionMetadata.java:159) ~[spring-beans-3.2.1.RELEASE.jar:3.2.1.RELEASE]
	at org.springframework.beans.factory.annotation.InjectionMetadata.inject(InjectionMetadata.java:87) ~[spring-beans-3.2.1.RELEASE.jar:3.2.1.RELEASE]
	at org.springframework.context.annotation.CommonAnnotationBeanPostProcessor.postProcessPropertyValues(CommonAnnotationBeanPostProcessor.java:303) ~[spring-context-3.2.1.RELEASE.jar:3.2.1.RELEASE]
	... 53 common frames omitted
5090 [main] ERROR o.s.test.context.TestContextManager - Caught exception while allowing TestExecutionListener [org.springframework.test.context.web.ServletTestExecutionListener@1cc5461] to prepare test instance [SpringEaTest@1b7edd3]
java.lang.IllegalStateException: Failed to load ApplicationContext
	at org.springframework.test.context.TestContext.getApplicationContext(TestContext.java:157) ~[spring-test-3.2.1.RELEASE.jar:3.2.1.RELEASE]
	at org.springframework.test.context.web.ServletTestExecutionListener.setUpRequestContextIfNecessary(ServletTestExecutionListener.java:103) ~[spring-test-3.2.1.RELEASE.jar:3.2.1.RELEASE]
	at org.springframework.test.context.web.ServletTestExecutionListener.prepareTestInstance(ServletTestExecutionListener.java:73) ~[spring-test-3.2.1.RELEASE.jar:3.2.1.RELEASE]
	at org.springframework.test.context.TestContextManager.prepareTestInstance(TestContextManager.java:313) ~[spring-test-3.2.1.RELEASE.jar:3.2.1.RELEASE]
	at org.springframework.test.context.junit4.SpringJUnit4ClassRunner.createTest(SpringJUnit4ClassRunner.java:211) [spring-test-3.2.1.RELEASE.jar:3.2.1.RELEASE]
	at org.springframework.test.context.junit4.SpringJUnit4ClassRunner$1.runReflectiveCall(SpringJUnit4ClassRunner.java:288) [spring-test-3.2.1.RELEASE.jar:3.2.1.RELEASE]
	at org.junit.internal.runners.model.ReflectiveCallable.run(ReflectiveCallable.java:15) [junit-4.9.jar:na]
	at org.springframework.test.context.junit4.SpringJUnit4ClassRunner.methodBlock(SpringJUnit4ClassRunner.java:284) [spring-test-3.2.1.RELEASE.jar:3.2.1.RELEASE]
	at org.springframework.test.context.junit4.SpringJUnit4ClassRunner.runChild(SpringJUnit4ClassRunner.java:231) [spring-test-3.2.1.RELEASE.jar:3.2.1.RELEASE]
	at org.springframework.test.context.junit4.SpringJUnit4ClassRunner.runChild(SpringJUnit4ClassRunner.java:88) [spring-test-3.2.1.RELEASE.jar:3.2.1.RELEASE]
	at org.junit.runners.ParentRunner$3.run(ParentRunner.java:231) [junit-4.9.jar:na]
	at org.junit.runners.ParentRunner$1.schedule(ParentRunner.java:60) [junit-4.9.jar:na]
	at org.junit.runners.ParentRunner.runChildren(ParentRunner.java:229) [junit-4.9.jar:na]
	at org.junit.runners.ParentRunner.access$000(ParentRunner.java:50) [junit-4.9.jar:na]
	at org.junit.runners.ParentRunner$2.evaluate(ParentRunner.java:222) [junit-4.9.jar:na]
	at org.springframework.test.context.junit4.statements.RunBeforeTestClassCallbacks.evaluate(RunBeforeTestClassCallbacks.java:61) [spring-test-3.2.1.RELEASE.jar:3.2.1.RELEASE]
	at org.springframework.test.context.junit4.statements.RunAfterTestClassCallbacks.evaluate(RunAfterTestClassCallbacks.java:71) [spring-test-3.2.1.RELEASE.jar:3.2.1.RELEASE]
	at org.junit.runners.ParentRunner.run(ParentRunner.java:292) [junit-4.9.jar:na]
	at org.springframework.test.context.junit4.SpringJUnit4ClassRunner.run(SpringJUnit4ClassRunner.java:174) [spring-test-3.2.1.RELEASE.jar:3.2.1.RELEASE]
	at org.eclipse.jdt.internal.junit4.runner.JUnit4TestReference.run(JUnit4TestReference.java:50) [.cp/:na]
	at org.eclipse.jdt.internal.junit.runner.TestExecution.run(TestExecution.java:38) [.cp/:na]
	at org.eclipse.jdt.internal.junit.runner.RemoteTestRunner.runTests(RemoteTestRunner.java:467) [.cp/:na]
	at org.eclipse.jdt.internal.junit.runner.RemoteTestRunner.runTests(RemoteTestRunner.java:683) [.cp/:na]
	at org.eclipse.jdt.internal.junit.runner.RemoteTestRunner.run(RemoteTestRunner.java:390) [.cp/:na]
	at org.eclipse.jdt.internal.junit.runner.RemoteTestRunner.main(RemoteTestRunner.java:197) [.cp/:na]
Caused by: org.springframework.beans.factory.BeanCreationException: Error creating bean with name 'editAction': Injection of resource dependencies failed; nested exception is org.springframework.beans.factory.BeanCreationException: Error creating bean with name 'impEa': Injection of resource dependencies failed; nested exception is org.springframework.beans.factory.NoSuchBeanDefinitionException: No bean named 'impItCompany' is defined
	at org.springframework.context.annotation.CommonAnnotationBeanPostProcessor.postProcessPropertyValues(CommonAnnotationBeanPostProcessor.java:306) ~[spring-context-3.2.1.RELEASE.jar:3.2.1.RELEASE]
	at org.springframework.beans.factory.support.AbstractAutowireCapableBeanFactory.populateBean(AbstractAutowireCapableBeanFactory.java:1120) ~[spring-beans-3.2.1.RELEASE.jar:3.2.1.RELEASE]
	at org.springframework.beans.factory.support.AbstractAutowireCapableBeanFactory.doCreateBean(AbstractAutowireCapableBeanFactory.java:522) ~[spring-beans-3.2.1.RELEASE.jar:3.2.1.RELEASE]
	at org.springframework.beans.factory.support.AbstractAutowireCapableBeanFactory.createBean(AbstractAutowireCapableBeanFactory.java:461) ~[spring-beans-3.2.1.RELEASE.jar:3.2.1.RELEASE]
	at org.springframework.beans.factory.support.AbstractBeanFactory$1.getObject(AbstractBeanFactory.java:295) ~[spring-beans-3.2.1.RELEASE.jar:3.2.1.RELEASE]
	at org.springframework.beans.factory.support.DefaultSingletonBeanRegistry.getSingleton(DefaultSingletonBeanRegistry.java:223) ~[spring-beans-3.2.1.RELEASE.jar:3.2.1.RELEASE]
	at org.springframework.beans.factory.support.AbstractBeanFactory.doGetBean(AbstractBeanFactory.java:292) ~[spring-beans-3.2.1.RELEASE.jar:3.2.1.RELEASE]
	at org.springframework.beans.factory.support.AbstractBeanFactory.getBean(AbstractBeanFactory.java:194) ~[spring-beans-3.2.1.RELEASE.jar:3.2.1.RELEASE]
	at org.springframework.beans.factory.support.DefaultListableBeanFactory.preInstantiateSingletons(DefaultListableBeanFactory.java:626) ~[spring-beans-3.2.1.RELEASE.jar:3.2.1.RELEASE]
	at org.springframework.context.support.AbstractApplicationContext.finishBeanFactoryInitialization(AbstractApplicationContext.java:932) ~[spring-context-3.2.1.RELEASE.jar:3.2.1.RELEASE]
	at org.springframework.context.support.AbstractApplicationContext.refresh(AbstractApplicationContext.java:479) ~[spring-context-3.2.1.RELEASE.jar:3.2.1.RELEASE]
	at org.springframework.test.context.support.AbstractGenericContextLoader.loadContext(AbstractGenericContextLoader.java:106) ~[spring-test-3.2.1.RELEASE.jar:3.2.1.RELEASE]
	at org.springframework.test.context.support.AbstractGenericContextLoader.loadContext(AbstractGenericContextLoader.java:57) ~[spring-test-3.2.1.RELEASE.jar:3.2.1.RELEASE]
	at org.springframework.test.context.support.AbstractDelegatingSmartContextLoader.delegateLoading(AbstractDelegatingSmartContextLoader.java:100) ~[spring-test-3.2.1.RELEASE.jar:3.2.1.RELEASE]
	at org.springframework.test.context.support.AbstractDelegatingSmartContextLoader.loadContext(AbstractDelegatingSmartContextLoader.java:248) ~[spring-test-3.2.1.RELEASE.jar:3.2.1.RELEASE]
	at org.springframework.test.context.TestContext.loadApplicationContext(TestContext.java:124) ~[spring-test-3.2.1.RELEASE.jar:3.2.1.RELEASE]
	at org.springframework.test.context.TestContext.getApplicationContext(TestContext.java:148) ~[spring-test-3.2.1.RELEASE.jar:3.2.1.RELEASE]
	... 24 common frames omitted
Caused by: org.springframework.beans.factory.BeanCreationException: Error creating bean with name 'impEa': Injection of resource dependencies failed; nested exception is org.springframework.beans.factory.NoSuchBeanDefinitionException: No bean named 'impItCompany' is defined
	at org.springframework.context.annotation.CommonAnnotationBeanPostProcessor.postProcessPropertyValues(CommonAnnotationBeanPostProcessor.java:306) ~[spring-context-3.2.1.RELEASE.jar:3.2.1.RELEASE]
	at org.springframework.beans.factory.support.AbstractAutowireCapableBeanFactory.populateBean(AbstractAutowireCapableBeanFactory.java:1120) ~[spring-beans-3.2.1.RELEASE.jar:3.2.1.RELEASE]
	at org.springframework.beans.factory.support.AbstractAutowireCapableBeanFactory.doCreateBean(AbstractAutowireCapableBeanFactory.java:522) ~[spring-beans-3.2.1.RELEASE.jar:3.2.1.RELEASE]
	at org.springframework.beans.factory.support.AbstractAutowireCapableBeanFactory.createBean(AbstractAutowireCapableBeanFactory.java:461) ~[spring-beans-3.2.1.RELEASE.jar:3.2.1.RELEASE]
	at org.springframework.beans.factory.support.AbstractBeanFactory$1.getObject(AbstractBeanFactory.java:295) ~[spring-beans-3.2.1.RELEASE.jar:3.2.1.RELEASE]
	at org.springframework.beans.factory.support.DefaultSingletonBeanRegistry.getSingleton(DefaultSingletonBeanRegistry.java:223) ~[spring-beans-3.2.1.RELEASE.jar:3.2.1.RELEASE]
	at org.springframework.beans.factory.support.AbstractBeanFactory.doGetBean(AbstractBeanFactory.java:292) ~[spring-beans-3.2.1.RELEASE.jar:3.2.1.RELEASE]
	at org.springframework.beans.factory.support.AbstractBeanFactory.getBean(AbstractBeanFactory.java:198) ~[spring-beans-3.2.1.RELEASE.jar:3.2.1.RELEASE]
	at org.springframework.context.annotation.CommonAnnotationBeanPostProcessor.autowireResource(CommonAnnotationBeanPostProcessor.java:442) ~[spring-context-3.2.1.RELEASE.jar:3.2.1.RELEASE]
	at org.springframework.context.annotation.CommonAnnotationBeanPostProcessor.getResource(CommonAnnotationBeanPostProcessor.java:416) ~[spring-context-3.2.1.RELEASE.jar:3.2.1.RELEASE]
	at org.springframework.context.annotation.CommonAnnotationBeanPostProcessor$ResourceElement.getResourceToInject(CommonAnnotationBeanPostProcessor.java:550) ~[spring-context-3.2.1.RELEASE.jar:3.2.1.RELEASE]
	at org.springframework.beans.factory.annotation.InjectionMetadata$InjectedElement.inject(InjectionMetadata.java:159) ~[spring-beans-3.2.1.RELEASE.jar:3.2.1.RELEASE]
	at org.springframework.beans.factory.annotation.InjectionMetadata.inject(InjectionMetadata.java:87) ~[spring-beans-3.2.1.RELEASE.jar:3.2.1.RELEASE]
	at org.springframework.context.annotation.CommonAnnotationBeanPostProcessor.postProcessPropertyValues(CommonAnnotationBeanPostProcessor.java:303) ~[spring-context-3.2.1.RELEASE.jar:3.2.1.RELEASE]
	... 40 common frames omitted
Caused by: org.springframework.beans.factory.NoSuchBeanDefinitionException: No bean named 'impItCompany' is defined
	at org.springframework.beans.factory.support.DefaultListableBeanFactory.getBeanDefinition(DefaultListableBeanFactory.java:568) ~[spring-beans-3.2.1.RELEASE.jar:3.2.1.RELEASE]
	at org.springframework.beans.factory.support.AbstractBeanFactory.getMergedLocalBeanDefinition(AbstractBeanFactory.java:1099) ~[spring-beans-3.2.1.RELEASE.jar:3.2.1.RELEASE]
	at org.springframework.beans.factory.support.AbstractBeanFactory.doGetBean(AbstractBeanFactory.java:278) ~[spring-beans-3.2.1.RELEASE.jar:3.2.1.RELEASE]
	at org.springframework.beans.factory.support.AbstractBeanFactory.getBean(AbstractBeanFactory.java:198) ~[spring-beans-3.2.1.RELEASE.jar:3.2.1.RELEASE]
	at org.springframework.context.annotation.CommonAnnotationBeanPostProcessor.autowireResource(CommonAnnotationBeanPostProcessor.java:442) ~[spring-context-3.2.1.RELEASE.jar:3.2.1.RELEASE]
	at org.springframework.context.annotation.CommonAnnotationBeanPostProcessor.getResource(CommonAnnotationBeanPostProcessor.java:416) ~[spring-context-3.2.1.RELEASE.jar:3.2.1.RELEASE]
	at org.springframework.context.annotation.CommonAnnotationBeanPostProcessor$ResourceElement.getResourceToInject(CommonAnnotationBeanPostProcessor.java:550) ~[spring-context-3.2.1.RELEASE.jar:3.2.1.RELEASE]
	at org.springframework.beans.factory.annotation.InjectionMetadata$InjectedElement.inject(InjectionMetadata.java:159) ~[spring-beans-3.2.1.RELEASE.jar:3.2.1.RELEASE]
	at org.springframework.beans.factory.annotation.InjectionMetadata.inject(InjectionMetadata.java:87) ~[spring-beans-3.2.1.RELEASE.jar:3.2.1.RELEASE]
	at org.springframework.context.annotation.CommonAnnotationBeanPostProcessor.postProcessPropertyValues(CommonAnnotationBeanPostProcessor.java:303) ~[spring-context-3.2.1.RELEASE.jar:3.2.1.RELEASE]
	... 53 common frames omitted
11690 [main] ERROR o.s.test.context.TestContextManager - Caught exception while allowing TestExecutionListener [org.springframework.test.context.web.ServletTestExecutionListener@e5ace9] to prepare test instance [SpringEaTest@bb05de]
java.lang.IllegalStateException: Failed to load ApplicationContext
	at org.springframework.test.context.TestContext.getApplicationContext(TestContext.java:157) ~[spring-test-3.2.1.RELEASE.jar:3.2.1.RELEASE]
	at org.springframework.test.context.web.ServletTestExecutionListener.setUpRequestContextIfNecessary(ServletTestExecutionListener.java:103) ~[spring-test-3.2.1.RELEASE.jar:3.2.1.RELEASE]
	at org.springframework.test.context.web.ServletTestExecutionListener.prepareTestInstance(ServletTestExecutionListener.java:73) ~[spring-test-3.2.1.RELEASE.jar:3.2.1.RELEASE]
	at org.springframework.test.context.TestContextManager.prepareTestInstance(TestContextManager.java:313) ~[spring-test-3.2.1.RELEASE.jar:3.2.1.RELEASE]
	at org.springframework.test.context.junit4.SpringJUnit4ClassRunner.createTest(SpringJUnit4ClassRunner.java:211) [spring-test-3.2.1.RELEASE.jar:3.2.1.RELEASE]
	at org.springframework.test.context.junit4.SpringJUnit4ClassRunner$1.runReflectiveCall(SpringJUnit4ClassRunner.java:288) [spring-test-3.2.1.RELEASE.jar:3.2.1.RELEASE]
	at org.junit.internal.runners.model.ReflectiveCallable.run(ReflectiveCallable.java:15) [junit-4.9.jar:na]
	at org.springframework.test.context.junit4.SpringJUnit4ClassRunner.methodBlock(SpringJUnit4ClassRunner.java:284) [spring-test-3.2.1.RELEASE.jar:3.2.1.RELEASE]
	at org.springframework.test.context.junit4.SpringJUnit4ClassRunner.runChild(SpringJUnit4ClassRunner.java:231) [spring-test-3.2.1.RELEASE.jar:3.2.1.RELEASE]
	at org.springframework.test.context.junit4.SpringJUnit4ClassRunner.runChild(SpringJUnit4ClassRunner.java:88) [spring-test-3.2.1.RELEASE.jar:3.2.1.RELEASE]
	at org.junit.runners.ParentRunner$3.run(ParentRunner.java:231) [junit-4.9.jar:na]
	at org.junit.runners.ParentRunner$1.schedule(ParentRunner.java:60) [junit-4.9.jar:na]
	at org.junit.runners.ParentRunner.runChildren(ParentRunner.java:229) [junit-4.9.jar:na]
	at org.junit.runners.ParentRunner.access$000(ParentRunner.java:50) [junit-4.9.jar:na]
	at org.junit.runners.ParentRunner$2.evaluate(ParentRunner.java:222) [junit-4.9.jar:na]
	at org.springframework.test.context.junit4.statements.RunBeforeTestClassCallbacks.evaluate(RunBeforeTestClassCallbacks.java:61) [spring-test-3.2.1.RELEASE.jar:3.2.1.RELEASE]
	at org.springframework.test.context.junit4.statements.RunAfterTestClassCallbacks.evaluate(RunAfterTestClassCallbacks.java:71) [spring-test-3.2.1.RELEASE.jar:3.2.1.RELEASE]
	at org.junit.runners.ParentRunner.run(ParentRunner.java:292) [junit-4.9.jar:na]
	at org.springframework.test.context.junit4.SpringJUnit4ClassRunner.run(SpringJUnit4ClassRunner.java:174) [spring-test-3.2.1.RELEASE.jar:3.2.1.RELEASE]
	at org.eclipse.jdt.internal.junit4.runner.JUnit4TestReference.run(JUnit4TestReference.java:50) [.cp/:na]
	at org.eclipse.jdt.internal.junit.runner.TestExecution.run(TestExecution.java:38) [.cp/:na]
	at org.eclipse.jdt.internal.junit.runner.RemoteTestRunner.runTests(RemoteTestRunner.java:467) [.cp/:na]
	at org.eclipse.jdt.internal.junit.runner.RemoteTestRunner.runTests(RemoteTestRunner.java:683) [.cp/:na]
	at org.eclipse.jdt.internal.junit.runner.RemoteTestRunner.run(RemoteTestRunner.java:390) [.cp/:na]
	at org.eclipse.jdt.internal.junit.runner.RemoteTestRunner.main(RemoteTestRunner.java:197) [.cp/:na]
Caused by: org.springframework.beans.factory.BeanCreationException: Error creating bean with name 'editAction': Injection of resource dependencies failed; nested exception is org.springframework.beans.factory.BeanCreationException: Error creating bean with name 'impEa': Injection of resource dependencies failed; nested exception is org.springframework.beans.factory.NoSuchBeanDefinitionException: No bean named 'impItCompany' is defined
	at org.springframework.context.annotation.CommonAnnotationBeanPostProcessor.postProcessPropertyValues(CommonAnnotationBeanPostProcessor.java:306) ~[spring-context-3.2.1.RELEASE.jar:3.2.1.RELEASE]
	at org.springframework.beans.factory.support.AbstractAutowireCapableBeanFactory.populateBean(AbstractAutowireCapableBeanFactory.java:1120) ~[spring-beans-3.2.1.RELEASE.jar:3.2.1.RELEASE]
	at org.springframework.beans.factory.support.AbstractAutowireCapableBeanFactory.doCreateBean(AbstractAutowireCapableBeanFactory.java:522) ~[spring-beans-3.2.1.RELEASE.jar:3.2.1.RELEASE]
	at org.springframework.beans.factory.support.AbstractAutowireCapableBeanFactory.createBean(AbstractAutowireCapableBeanFactory.java:461) ~[spring-beans-3.2.1.RELEASE.jar:3.2.1.RELEASE]
	at org.springframework.beans.factory.support.AbstractBeanFactory$1.getObject(AbstractBeanFactory.java:295) ~[spring-beans-3.2.1.RELEASE.jar:3.2.1.RELEASE]
	at org.springframework.beans.factory.support.DefaultSingletonBeanRegistry.getSingleton(DefaultSingletonBeanRegistry.java:223) ~[spring-beans-3.2.1.RELEASE.jar:3.2.1.RELEASE]
	at org.springframework.beans.factory.support.AbstractBeanFactory.doGetBean(AbstractBeanFactory.java:292) ~[spring-beans-3.2.1.RELEASE.jar:3.2.1.RELEASE]
	at org.springframework.beans.factory.support.AbstractBeanFactory.getBean(AbstractBeanFactory.java:194) ~[spring-beans-3.2.1.RELEASE.jar:3.2.1.RELEASE]
	at org.springframework.beans.factory.support.DefaultListableBeanFactory.preInstantiateSingletons(DefaultListableBeanFactory.java:626) ~[spring-beans-3.2.1.RELEASE.jar:3.2.1.RELEASE]
	at org.springframework.context.support.AbstractApplicationContext.finishBeanFactoryInitialization(AbstractApplicationContext.java:932) ~[spring-context-3.2.1.RELEASE.jar:3.2.1.RELEASE]
	at org.springframework.context.support.AbstractApplicationContext.refresh(AbstractApplicationContext.java:479) ~[spring-context-3.2.1.RELEASE.jar:3.2.1.RELEASE]
	at org.springframework.test.context.support.AbstractGenericContextLoader.loadContext(AbstractGenericContextLoader.java:106) ~[spring-test-3.2.1.RELEASE.jar:3.2.1.RELEASE]
	at org.springframework.test.context.support.AbstractGenericContextLoader.loadContext(AbstractGenericContextLoader.java:57) ~[spring-test-3.2.1.RELEASE.jar:3.2.1.RELEASE]
	at org.springframework.test.context.support.AbstractDelegatingSmartContextLoader.delegateLoading(AbstractDelegatingSmartContextLoader.java:100) ~[spring-test-3.2.1.RELEASE.jar:3.2.1.RELEASE]
	at org.springframework.test.context.support.AbstractDelegatingSmartContextLoader.loadContext(AbstractDelegatingSmartContextLoader.java:248) ~[spring-test-3.2.1.RELEASE.jar:3.2.1.RELEASE]
	at org.springframework.test.context.TestContext.loadApplicationContext(TestContext.java:124) ~[spring-test-3.2.1.RELEASE.jar:3.2.1.RELEASE]
	at org.springframework.test.context.TestContext.getApplicationContext(TestContext.java:148) ~[spring-test-3.2.1.RELEASE.jar:3.2.1.RELEASE]
	... 24 common frames omitted
Caused by: org.springframework.beans.factory.BeanCreationException: Error creating bean with name 'impEa': Injection of resource dependencies failed; nested exception is org.springframework.beans.factory.NoSuchBeanDefinitionException: No bean named 'impItCompany' is defined
	at org.springframework.context.annotation.CommonAnnotationBeanPostProcessor.postProcessPropertyValues(CommonAnnotationBeanPostProcessor.java:306) ~[spring-context-3.2.1.RELEASE.jar:3.2.1.RELEASE]
	at org.springframework.beans.factory.support.AbstractAutowireCapableBeanFactory.populateBean(AbstractAutowireCapableBeanFactory.java:1120) ~[spring-beans-3.2.1.RELEASE.jar:3.2.1.RELEASE]
	at org.springframework.beans.factory.support.AbstractAutowireCapableBeanFactory.doCreateBean(AbstractAutowireCapableBeanFactory.java:522) ~[spring-beans-3.2.1.RELEASE.jar:3.2.1.RELEASE]
	at org.springframework.beans.factory.support.AbstractAutowireCapableBeanFactory.createBean(AbstractAutowireCapableBeanFactory.java:461) ~[spring-beans-3.2.1.RELEASE.jar:3.2.1.RELEASE]
	at org.springframework.beans.factory.support.AbstractBeanFactory$1.getObject(AbstractBeanFactory.java:295) ~[spring-beans-3.2.1.RELEASE.jar:3.2.1.RELEASE]
	at org.springframework.beans.factory.support.DefaultSingletonBeanRegistry.getSingleton(DefaultSingletonBeanRegistry.java:223) ~[spring-beans-3.2.1.RELEASE.jar:3.2.1.RELEASE]
	at org.springframework.beans.factory.support.AbstractBeanFactory.doGetBean(AbstractBeanFactory.java:292) ~[spring-beans-3.2.1.RELEASE.jar:3.2.1.RELEASE]
	at org.springframework.beans.factory.support.AbstractBeanFactory.getBean(AbstractBeanFactory.java:198) ~[spring-beans-3.2.1.RELEASE.jar:3.2.1.RELEASE]
	at org.springframework.context.annotation.CommonAnnotationBeanPostProcessor.autowireResource(CommonAnnotationBeanPostProcessor.java:442) ~[spring-context-3.2.1.RELEASE.jar:3.2.1.RELEASE]
	at org.springframework.context.annotation.CommonAnnotationBeanPostProcessor.getResource(CommonAnnotationBeanPostProcessor.java:416) ~[spring-context-3.2.1.RELEASE.jar:3.2.1.RELEASE]
	at org.springframework.context.annotation.CommonAnnotationBeanPostProcessor$ResourceElement.getResourceToInject(CommonAnnotationBeanPostProcessor.java:550) ~[spring-context-3.2.1.RELEASE.jar:3.2.1.RELEASE]
	at org.springframework.beans.factory.annotation.InjectionMetadata$InjectedElement.inject(InjectionMetadata.java:159) ~[spring-beans-3.2.1.RELEASE.jar:3.2.1.RELEASE]
	at org.springframework.beans.factory.annotation.InjectionMetadata.inject(InjectionMetadata.java:87) ~[spring-beans-3.2.1.RELEASE.jar:3.2.1.RELEASE]
	at org.springframework.context.annotation.CommonAnnotationBeanPostProcessor.postProcessPropertyValues(CommonAnnotationBeanPostProcessor.java:303) ~[spring-context-3.2.1.RELEASE.jar:3.2.1.RELEASE]
	... 40 common frames omitted
Caused by: org.springframework.beans.factory.NoSuchBeanDefinitionException: No bean named 'impItCompany' is defined
	at org.springframework.beans.factory.support.DefaultListableBeanFactory.getBeanDefinition(DefaultListableBeanFactory.java:568) ~[spring-beans-3.2.1.RELEASE.jar:3.2.1.RELEASE]
	at org.springframework.beans.factory.support.AbstractBeanFactory.getMergedLocalBeanDefinition(AbstractBeanFactory.java:1099) ~[spring-beans-3.2.1.RELEASE.jar:3.2.1.RELEASE]
	at org.springframework.beans.factory.support.AbstractBeanFactory.doGetBean(AbstractBeanFactory.java:278) ~[spring-beans-3.2.1.RELEASE.jar:3.2.1.RELEASE]
	at org.springframework.beans.factory.support.AbstractBeanFactory.getBean(AbstractBeanFactory.java:198) ~[spring-beans-3.2.1.RELEASE.jar:3.2.1.RELEASE]
	at org.springframework.context.annotation.CommonAnnotationBeanPostProcessor.autowireResource(CommonAnnotationBeanPostProcessor.java:442) ~[spring-context-3.2.1.RELEASE.jar:3.2.1.RELEASE]
	at org.springframework.context.annotation.CommonAnnotationBeanPostProcessor.getResource(CommonAnnotationBeanPostProcessor.java:416) ~[spring-context-3.2.1.RELEASE.jar:3.2.1.RELEASE]
	at org.springframework.context.annotation.CommonAnnotationBeanPostProcessor$ResourceElement.getResourceToInject(CommonAnnotationBeanPostProcessor.java:550) ~[spring-context-3.2.1.RELEASE.jar:3.2.1.RELEASE]
	at org.springframework.beans.factory.annotation.InjectionMetadata$InjectedElement.inject(InjectionMetadata.java:159) ~[spring-beans-3.2.1.RELEASE.jar:3.2.1.RELEASE]
	at org.springframework.beans.factory.annotation.InjectionMetadata.inject(InjectionMetadata.java:87) ~[spring-beans-3.2.1.RELEASE.jar:3.2.1.RELEASE]
	at org.springframework.context.annotation.CommonAnnotationBeanPostProcessor.postProcessPropertyValues(CommonAnnotationBeanPostProcessor.java:303) ~[spring-context-3.2.1.RELEASE.jar:3.2.1.RELEASE]
	... 53 common frames omitted
7023 [main] DEBUG SpringEaTest - EA查出用户个数=80
5528 [main] DEBUG JunitHello - 用户个数=80
5359 [main] DEBUG JunitHello - 用户个数=80
6907 [main] DEBUG JunitHello - 用户个数=80
6975 [main] DEBUG JunitHello - EA查出用户个数=80
16380 [main] DEBUG JunitHello - 用户个数=80
19515 [main] DEBUG JunitHello - EA查出用户个数=80
4226 [main] DEBUG AccessPermissionTest - Work Order Manager
4229 [main] DEBUG AccessPermissionTest - 管理自己部门的人员
4229 [main] DEBUG AccessPermissionTest - 人员录入
4229 [main] DEBUG AccessPermissionTest - APM
4229 [main] DEBUG AccessPermissionTest - 企业架构EA
4230 [main] DEBUG AccessPermissionTest - 人员部署
4230 [main] DEBUG AccessPermissionTest - 创建角色
4230 [main] DEBUG AccessPermissionTest - 组织架构定义
4231 [main] DEBUG AccessPermissionTest - 发送服务器配置
4231 [main] DEBUG AccessPermissionTest - 资源管理
5355 [main] DEBUG AccessPermissionTest - Work Order Manager
5359 [main] DEBUG AccessPermissionTest - 管理自己部门的人员
5360 [main] DEBUG AccessPermissionTest - 人员录入
5360 [main] DEBUG AccessPermissionTest - APM
5360 [main] DEBUG AccessPermissionTest - 企业架构EA
5360 [main] DEBUG AccessPermissionTest - 人员部署
5360 [main] DEBUG AccessPermissionTest - 创建角色
5360 [main] DEBUG AccessPermissionTest - 组织架构定义
5362 [main] DEBUG AccessPermissionTest - 发送服务器配置
5362 [main] DEBUG AccessPermissionTest - 资源管理
5175 [main] DEBUG AccessPermissionTest - Work Order Manager
5179 [main] DEBUG AccessPermissionTest - 管理自己部门的人员
5179 [main] DEBUG AccessPermissionTest - 人员录入
5180 [main] DEBUG AccessPermissionTest - APM
5180 [main] DEBUG AccessPermissionTest - 企业架构EA
5180 [main] DEBUG AccessPermissionTest - 人员部署
5180 [main] DEBUG AccessPermissionTest - 创建角色
5180 [main] DEBUG AccessPermissionTest - 组织架构定义
5181 [main] DEBUG AccessPermissionTest - 发送服务器配置
5181 [main] DEBUG AccessPermissionTest - 资源管理
5237 [main] DEBUG AccessPermissionTest - 授权给用户的资源个数：1
5254 [main] DEBUG AccessPermissionTest - 授权给角色的资源个数：0
5268 [main] DEBUG AccessPermissionTest - 授权给角色组的资源个数：0
5298 [main] DEBUG AccessPermissionTest - 没有授权给三种媒体的资源个数：9
4867 [main] DEBUG AccessPermissionTest - 授权给用户的资源个数：1
4878 [main] ERROR o.h.LazyInitializationException - failed to lazily initialize a collection of role: com.app.ea.model.Resource.users, no session or session was closed
org.hibernate.LazyInitializationException: failed to lazily initialize a collection of role: com.app.ea.model.Resource.users, no session or session was closed
	at org.hibernate.collection.AbstractPersistentCollection.throwLazyInitializationException(AbstractPersistentCollection.java:383) [hibernate-core-3.6.1.Final.jar:3.6.1.Final]
	at org.hibernate.collection.AbstractPersistentCollection.throwLazyInitializationExceptionIfNotConnected(AbstractPersistentCollection.java:375) [hibernate-core-3.6.1.Final.jar:3.6.1.Final]
	at org.hibernate.collection.AbstractPersistentCollection.readSize(AbstractPersistentCollection.java:122) [hibernate-core-3.6.1.Final.jar:3.6.1.Final]
	at org.hibernate.collection.PersistentSet.size(PersistentSet.java:162) [hibernate-core-3.6.1.Final.jar:3.6.1.Final]
	at AccessPermissionTest.printResourcePermission(AccessPermissionTest.java:54) [test-classes/:na]
	at sun.reflect.NativeMethodAccessorImpl.invoke0(Native Method) ~[na:1.6.0_14]
	at sun.reflect.NativeMethodAccessorImpl.invoke(NativeMethodAccessorImpl.java:39) ~[na:1.6.0_14]
	at sun.reflect.DelegatingMethodAccessorImpl.invoke(DelegatingMethodAccessorImpl.java:25) ~[na:1.6.0_14]
	at java.lang.reflect.Method.invoke(Method.java:597) ~[na:1.6.0_14]
	at org.junit.runners.model.FrameworkMethod$1.runReflectiveCall(FrameworkMethod.java:44) [junit-4.9.jar:na]
	at org.junit.internal.runners.model.ReflectiveCallable.run(ReflectiveCallable.java:15) [junit-4.9.jar:na]
	at org.junit.runners.model.FrameworkMethod.invokeExplosively(FrameworkMethod.java:41) [junit-4.9.jar:na]
	at org.junit.internal.runners.statements.InvokeMethod.evaluate(InvokeMethod.java:20) [junit-4.9.jar:na]
	at org.springframework.test.context.junit4.statements.RunBeforeTestMethodCallbacks.evaluate(RunBeforeTestMethodCallbacks.java:74) [spring-test-3.2.1.RELEASE.jar:3.2.1.RELEASE]
	at org.springframework.test.context.junit4.statements.RunAfterTestMethodCallbacks.evaluate(RunAfterTestMethodCallbacks.java:83) [spring-test-3.2.1.RELEASE.jar:3.2.1.RELEASE]
	at org.springframework.test.context.junit4.statements.SpringRepeat.evaluate(SpringRepeat.java:72) [spring-test-3.2.1.RELEASE.jar:3.2.1.RELEASE]
	at org.springframework.test.context.junit4.SpringJUnit4ClassRunner.runChild(SpringJUnit4ClassRunner.java:231) [spring-test-3.2.1.RELEASE.jar:3.2.1.RELEASE]
	at org.springframework.test.context.junit4.SpringJUnit4ClassRunner.runChild(SpringJUnit4ClassRunner.java:88) [spring-test-3.2.1.RELEASE.jar:3.2.1.RELEASE]
	at org.junit.runners.ParentRunner$3.run(ParentRunner.java:231) [junit-4.9.jar:na]
	at org.junit.runners.ParentRunner$1.schedule(ParentRunner.java:60) [junit-4.9.jar:na]
	at org.junit.runners.ParentRunner.runChildren(ParentRunner.java:229) [junit-4.9.jar:na]
	at org.junit.runners.ParentRunner.access$000(ParentRunner.java:50) [junit-4.9.jar:na]
	at org.junit.runners.ParentRunner$2.evaluate(ParentRunner.java:222) [junit-4.9.jar:na]
	at org.springframework.test.context.junit4.statements.RunBeforeTestClassCallbacks.evaluate(RunBeforeTestClassCallbacks.java:61) [spring-test-3.2.1.RELEASE.jar:3.2.1.RELEASE]
	at org.springframework.test.context.junit4.statements.RunAfterTestClassCallbacks.evaluate(RunAfterTestClassCallbacks.java:71) [spring-test-3.2.1.RELEASE.jar:3.2.1.RELEASE]
	at org.junit.runners.ParentRunner.run(ParentRunner.java:292) [junit-4.9.jar:na]
	at org.springframework.test.context.junit4.SpringJUnit4ClassRunner.run(SpringJUnit4ClassRunner.java:174) [spring-test-3.2.1.RELEASE.jar:3.2.1.RELEASE]
	at org.eclipse.jdt.internal.junit4.runner.JUnit4TestReference.run(JUnit4TestReference.java:50) [.cp/:na]
	at org.eclipse.jdt.internal.junit.runner.TestExecution.run(TestExecution.java:38) [.cp/:na]
	at org.eclipse.jdt.internal.junit.runner.RemoteTestRunner.runTests(RemoteTestRunner.java:467) [.cp/:na]
	at org.eclipse.jdt.internal.junit.runner.RemoteTestRunner.runTests(RemoteTestRunner.java:683) [.cp/:na]
	at org.eclipse.jdt.internal.junit.runner.RemoteTestRunner.run(RemoteTestRunner.java:390) [.cp/:na]
	at org.eclipse.jdt.internal.junit.runner.RemoteTestRunner.main(RemoteTestRunner.java:197) [.cp/:na]
895  [main] ERROR o.s.test.context.TestContextManager - Caught exception while allowing TestExecutionListener [org.springframework.test.context.web.ServletTestExecutionListener@1aed5f9] to prepare test instance [AccessPermissionTest@161dfb5]
java.lang.IllegalStateException: Failed to load ApplicationContext
	at org.springframework.test.context.TestContext.getApplicationContext(TestContext.java:157) ~[spring-test-3.2.1.RELEASE.jar:3.2.1.RELEASE]
	at org.springframework.test.context.web.ServletTestExecutionListener.setUpRequestContextIfNecessary(ServletTestExecutionListener.java:103) ~[spring-test-3.2.1.RELEASE.jar:3.2.1.RELEASE]
	at org.springframework.test.context.web.ServletTestExecutionListener.prepareTestInstance(ServletTestExecutionListener.java:73) ~[spring-test-3.2.1.RELEASE.jar:3.2.1.RELEASE]
	at org.springframework.test.context.TestContextManager.prepareTestInstance(TestContextManager.java:313) ~[spring-test-3.2.1.RELEASE.jar:3.2.1.RELEASE]
	at org.springframework.test.context.junit4.SpringJUnit4ClassRunner.createTest(SpringJUnit4ClassRunner.java:211) [spring-test-3.2.1.RELEASE.jar:3.2.1.RELEASE]
	at org.springframework.test.context.junit4.SpringJUnit4ClassRunner$1.runReflectiveCall(SpringJUnit4ClassRunner.java:288) [spring-test-3.2.1.RELEASE.jar:3.2.1.RELEASE]
	at org.junit.internal.runners.model.ReflectiveCallable.run(ReflectiveCallable.java:15) [junit-4.9.jar:na]
	at org.springframework.test.context.junit4.SpringJUnit4ClassRunner.methodBlock(SpringJUnit4ClassRunner.java:284) [spring-test-3.2.1.RELEASE.jar:3.2.1.RELEASE]
	at org.springframework.test.context.junit4.SpringJUnit4ClassRunner.runChild(SpringJUnit4ClassRunner.java:231) [spring-test-3.2.1.RELEASE.jar:3.2.1.RELEASE]
	at org.springframework.test.context.junit4.SpringJUnit4ClassRunner.runChild(SpringJUnit4ClassRunner.java:88) [spring-test-3.2.1.RELEASE.jar:3.2.1.RELEASE]
	at org.junit.runners.ParentRunner$3.run(ParentRunner.java:231) [junit-4.9.jar:na]
	at org.junit.runners.ParentRunner$1.schedule(ParentRunner.java:60) [junit-4.9.jar:na]
	at org.junit.runners.ParentRunner.runChildren(ParentRunner.java:229) [junit-4.9.jar:na]
	at org.junit.runners.ParentRunner.access$000(ParentRunner.java:50) [junit-4.9.jar:na]
	at org.junit.runners.ParentRunner$2.evaluate(ParentRunner.java:222) [junit-4.9.jar:na]
	at org.springframework.test.context.junit4.statements.RunBeforeTestClassCallbacks.evaluate(RunBeforeTestClassCallbacks.java:61) [spring-test-3.2.1.RELEASE.jar:3.2.1.RELEASE]
	at org.springframework.test.context.junit4.statements.RunAfterTestClassCallbacks.evaluate(RunAfterTestClassCallbacks.java:71) [spring-test-3.2.1.RELEASE.jar:3.2.1.RELEASE]
	at org.junit.runners.ParentRunner.run(ParentRunner.java:292) [junit-4.9.jar:na]
	at org.springframework.test.context.junit4.SpringJUnit4ClassRunner.run(SpringJUnit4ClassRunner.java:174) [spring-test-3.2.1.RELEASE.jar:3.2.1.RELEASE]
	at org.eclipse.jdt.internal.junit4.runner.JUnit4TestReference.run(JUnit4TestReference.java:50) [.cp/:na]
	at org.eclipse.jdt.internal.junit.runner.TestExecution.run(TestExecution.java:38) [.cp/:na]
	at org.eclipse.jdt.internal.junit.runner.RemoteTestRunner.runTests(RemoteTestRunner.java:467) [.cp/:na]
	at org.eclipse.jdt.internal.junit.runner.RemoteTestRunner.runTests(RemoteTestRunner.java:683) [.cp/:na]
	at org.eclipse.jdt.internal.junit.runner.RemoteTestRunner.run(RemoteTestRunner.java:390) [.cp/:na]
	at org.eclipse.jdt.internal.junit.runner.RemoteTestRunner.main(RemoteTestRunner.java:197) [.cp/:na]
Caused by: org.springframework.beans.factory.xml.XmlBeanDefinitionStoreException: Line 27 in XML document from class path resource [spring.xml] is invalid; nested exception is org.xml.sax.SAXParseException: cvc-id.1: There is no ID/IDREF binding for IDREF 'sessionFactory'.
	at org.springframework.beans.factory.xml.XmlBeanDefinitionReader.doLoadBeanDefinitions(XmlBeanDefinitionReader.java:396) ~[spring-beans-3.2.1.RELEASE.jar:3.2.1.RELEASE]
	at org.springframework.beans.factory.xml.XmlBeanDefinitionReader.loadBeanDefinitions(XmlBeanDefinitionReader.java:334) ~[spring-beans-3.2.1.RELEASE.jar:3.2.1.RELEASE]
	at org.springframework.beans.factory.xml.XmlBeanDefinitionReader.loadBeanDefinitions(XmlBeanDefinitionReader.java:302) ~[spring-beans-3.2.1.RELEASE.jar:3.2.1.RELEASE]
	at org.springframework.beans.factory.support.AbstractBeanDefinitionReader.loadBeanDefinitions(AbstractBeanDefinitionReader.java:174) ~[spring-beans-3.2.1.RELEASE.jar:3.2.1.RELEASE]
	at org.springframework.beans.factory.support.AbstractBeanDefinitionReader.loadBeanDefinitions(AbstractBeanDefinitionReader.java:209) ~[spring-beans-3.2.1.RELEASE.jar:3.2.1.RELEASE]
	at org.springframework.beans.factory.support.AbstractBeanDefinitionReader.loadBeanDefinitions(AbstractBeanDefinitionReader.java:180) ~[spring-beans-3.2.1.RELEASE.jar:3.2.1.RELEASE]
	at org.springframework.beans.factory.support.AbstractBeanDefinitionReader.loadBeanDefinitions(AbstractBeanDefinitionReader.java:243) ~[spring-beans-3.2.1.RELEASE.jar:3.2.1.RELEASE]
	at org.springframework.test.context.support.AbstractGenericContextLoader.loadBeanDefinitions(AbstractGenericContextLoader.java:219) ~[spring-test-3.2.1.RELEASE.jar:3.2.1.RELEASE]
	at org.springframework.test.context.support.AbstractGenericContextLoader.loadContext(AbstractGenericContextLoader.java:103) ~[spring-test-3.2.1.RELEASE.jar:3.2.1.RELEASE]
	at org.springframework.test.context.support.AbstractGenericContextLoader.loadContext(AbstractGenericContextLoader.java:57) ~[spring-test-3.2.1.RELEASE.jar:3.2.1.RELEASE]
	at org.springframework.test.context.support.AbstractDelegatingSmartContextLoader.delegateLoading(AbstractDelegatingSmartContextLoader.java:100) ~[spring-test-3.2.1.RELEASE.jar:3.2.1.RELEASE]
	at org.springframework.test.context.support.AbstractDelegatingSmartContextLoader.loadContext(AbstractDelegatingSmartContextLoader.java:248) ~[spring-test-3.2.1.RELEASE.jar:3.2.1.RELEASE]
	at org.springframework.test.context.TestContext.loadApplicationContext(TestContext.java:124) ~[spring-test-3.2.1.RELEASE.jar:3.2.1.RELEASE]
	at org.springframework.test.context.TestContext.getApplicationContext(TestContext.java:148) ~[spring-test-3.2.1.RELEASE.jar:3.2.1.RELEASE]
	... 24 common frames omitted
Caused by: org.xml.sax.SAXParseException: cvc-id.1: There is no ID/IDREF binding for IDREF 'sessionFactory'.
	at com.sun.org.apache.xerces.internal.util.ErrorHandlerWrapper.createSAXParseException(ErrorHandlerWrapper.java:195) ~[na:1.6.0_14]
	at com.sun.org.apache.xerces.internal.util.ErrorHandlerWrapper.error(ErrorHandlerWrapper.java:131) ~[na:1.6.0_14]
	at com.sun.org.apache.xerces.internal.impl.XMLErrorReporter.reportError(XMLErrorReporter.java:384) ~[na:1.6.0_14]
	at com.sun.org.apache.xerces.internal.impl.XMLErrorReporter.reportError(XMLErrorReporter.java:318) ~[na:1.6.0_14]
	at com.sun.org.apache.xerces.internal.impl.xs.XMLSchemaValidator$XSIErrorReporter.reportError(XMLSchemaValidator.java:410) ~[na:1.6.0_14]
	at com.sun.org.apache.xerces.internal.impl.xs.XMLSchemaValidator.reportSchemaError(XMLSchemaValidator.java:3165) ~[na:1.6.0_14]
	at com.sun.org.apache.xerces.internal.impl.xs.XMLSchemaValidator.handleEndElement(XMLSchemaValidator.java:2191) ~[na:1.6.0_14]
	at com.sun.org.apache.xerces.internal.impl.xs.XMLSchemaValidator.endElement(XMLSchemaValidator.java:791) ~[na:1.6.0_14]
	at com.sun.org.apache.xerces.internal.impl.XMLDocumentFragmentScannerImpl.scanEndElement(XMLDocumentFragmentScannerImpl.java:1774) ~[na:1.6.0_14]
	at com.sun.org.apache.xerces.internal.impl.XMLDocumentFragmentScannerImpl$FragmentContentDriver.next(XMLDocumentFragmentScannerImpl.java:2930) ~[na:1.6.0_14]
	at com.sun.org.apache.xerces.internal.impl.XMLDocumentScannerImpl.next(XMLDocumentScannerImpl.java:648) ~[na:1.6.0_14]
	at com.sun.org.apache.xerces.internal.impl.XMLNSDocumentScannerImpl.next(XMLNSDocumentScannerImpl.java:140) ~[na:1.6.0_14]
	at com.sun.org.apache.xerces.internal.impl.XMLDocumentFragmentScannerImpl.scanDocument(XMLDocumentFragmentScannerImpl.java:510) ~[na:1.6.0_14]
	at com.sun.org.apache.xerces.internal.parsers.XML11Configuration.parse(XML11Configuration.java:807) ~[na:1.6.0_14]
	at com.sun.org.apache.xerces.internal.parsers.XML11Configuration.parse(XML11Configuration.java:737) ~[na:1.6.0_14]
	at com.sun.org.apache.xerces.internal.parsers.XMLParser.parse(XMLParser.java:107) ~[na:1.6.0_14]
	at com.sun.org.apache.xerces.internal.parsers.DOMParser.parse(DOMParser.java:225) ~[na:1.6.0_14]
	at com.sun.org.apache.xerces.internal.jaxp.DocumentBuilderImpl.parse(DocumentBuilderImpl.java:283) ~[na:1.6.0_14]
	at org.springframework.beans.factory.xml.DefaultDocumentLoader.loadDocument(DefaultDocumentLoader.java:75) ~[spring-beans-3.2.1.RELEASE.jar:3.2.1.RELEASE]
	at org.springframework.beans.factory.xml.XmlBeanDefinitionReader.doLoadBeanDefinitions(XmlBeanDefinitionReader.java:388) ~[spring-beans-3.2.1.RELEASE.jar:3.2.1.RELEASE]
	... 37 common frames omitted
988  [main] DEBUG SpringUnitTest - 运行完毕
1013 [main] DEBUG SpringUnitTest - 运行完毕
886  [main] DEBUG SpringUnitTest - 运行完毕
5038 [main] DEBUG JunitHello - 用户个数=80
5101 [main] DEBUG JunitHello - EA查出用户个数=80
8235 [main] DEBUG JunitHello - 用户个数=80
8317 [main] DEBUG JunitHello - EA查出用户个数=80
6610 [main] DEBUG o.s.s.h.HibernateLazyResolver - Opening single Hibernate Session in HibernateLazyResolver
6738 [main] DEBUG BaseTestCase - 运行完毕
6738 [main] DEBUG o.s.s.h.HibernateLazyResolver - Closing single Hibernate Session in HibernateLazyResolver
4141 [main] DEBUG o.s.s.h.HibernateLazyResolver - Opening single Hibernate Session in HibernateLazyResolver
4214 [main] DEBUG BaseTestCase - 运行完毕
4559 [main] DEBUG BaseTestCase - 授权给用户的资源个数：1
4571 [main] DEBUG BaseTestCase - 管理自己部门的人员1
4572 [main] DEBUG o.s.s.h.HibernateLazyResolver - Closing single Hibernate Session in HibernateLazyResolver
4324 [main] DEBUG o.s.s.h.HibernateLazyResolver - Opening single Hibernate Session in HibernateLazyResolver
4809 [main] DEBUG NewAccessPermissionTest - 授权给用户的资源个数：1
4824 [main] DEBUG NewAccessPermissionTest - 管理自己部门的人员1
4825 [main] DEBUG NewAccessPermissionTest - 黃俊輝
4844 [main] DEBUG NewAccessPermissionTest - 授权给角色的资源个数：0
4865 [main] DEBUG NewAccessPermissionTest - 授权给角色组的资源个数：0
4909 [main] DEBUG NewAccessPermissionTest - 没有授权给三种媒体的资源个数：9
4910 [main] DEBUG o.s.s.h.HibernateLazyResolver - Closing single Hibernate Session in HibernateLazyResolver
4366 [main] DEBUG o.s.s.h.HibernateLazyResolver - Opening single Hibernate Session in HibernateLazyResolver
4890 [main] DEBUG NewAccessPermissionTest - 授权给用户的资源个数：1
4903 [main] DEBUG NewAccessPermissionTest - 管理自己部门的人员1
4904 [main] DEBUG NewAccessPermissionTest - 黃俊輝
4921 [main] DEBUG NewAccessPermissionTest - 授权给角色的资源个数：0
4939 [main] DEBUG NewAccessPermissionTest - 授权给角色组的资源个数：0
4971 [main] DEBUG NewAccessPermissionTest - 没有授权给三种媒体的资源个数：9
4971 [main] DEBUG o.s.s.h.HibernateLazyResolver - Closing single Hibernate Session in HibernateLazyResolver
4131 [main] DEBUG o.s.s.h.HibernateLazyResolver - Opening single Hibernate Session in HibernateLazyResolver
4587 [main] DEBUG NewAccessPermissionTest - Work Order Manager
4587 [main] DEBUG NewAccessPermissionTest - 管理自己部门的人员
4587 [main] DEBUG NewAccessPermissionTest - 人员录入
4587 [main] DEBUG NewAccessPermissionTest - APM
4587 [main] DEBUG NewAccessPermissionTest - 企业架构EA
4587 [main] DEBUG NewAccessPermissionTest - 人员部署
4587 [main] DEBUG NewAccessPermissionTest - 创建角色
4587 [main] DEBUG NewAccessPermissionTest - 组织架构定义
4588 [main] DEBUG NewAccessPermissionTest - 发送服务器配置
4588 [main] DEBUG NewAccessPermissionTest - 资源管理
4603 [main] DEBUG o.s.s.h.HibernateLazyResolver - Closing single Hibernate Session in HibernateLazyResolver
4112 [main] DEBUG o.s.s.h.HibernateLazyResolver - Opening single Hibernate Session in HibernateLazyResolver
4543 [main] DEBUG AccessPermissionTest - Work Order Manager
4543 [main] DEBUG AccessPermissionTest - 管理自己部门的人员
4543 [main] DEBUG AccessPermissionTest - 人员录入
4543 [main] DEBUG AccessPermissionTest - APM
4543 [main] DEBUG AccessPermissionTest - 企业架构EA
4543 [main] DEBUG AccessPermissionTest - 人员部署
4543 [main] DEBUG AccessPermissionTest - 创建角色
4543 [main] DEBUG AccessPermissionTest - 组织架构定义
4544 [main] DEBUG AccessPermissionTest - 发送服务器配置
4544 [main] DEBUG AccessPermissionTest - 资源管理
4564 [main] DEBUG o.s.s.h.HibernateLazyResolver - Closing single Hibernate Session in HibernateLazyResolver
4630 [main] DEBUG o.s.s.h.HibernateLazyResolver - Opening single Hibernate Session in HibernateLazyResolver
5084 [main] DEBUG AccessPermissionTest - 授权给用户的资源个数：1
5096 [main] DEBUG AccessPermissionTest - 管理自己部门的人员1
5097 [main] DEBUG AccessPermissionTest - 黃俊輝
5112 [main] DEBUG AccessPermissionTest - 授权给角色的资源个数：0
5129 [main] DEBUG AccessPermissionTest - 授权给角色组的资源个数：0
5160 [main] DEBUG AccessPermissionTest - 没有授权给三种媒体的资源个数：9
5163 [main] DEBUG o.s.s.h.HibernateLazyResolver - Closing single Hibernate Session in HibernateLazyResolver
7077 [main] DEBUG o.s.s.h.HibernateLazyResolver - Opening single Hibernate Session in HibernateLazyResolver
7826 [main] DEBUG AccessPermissionTest - 授权给用户的资源个数：1
7845 [main] DEBUG AccessPermissionTest - [管理自己部门的人员1]
7904 [main] DEBUG AccessPermissionTest - 授权给角色的资源个数：0
7971 [main] DEBUG AccessPermissionTest - 授权给角色组的资源个数：0
8072 [main] DEBUG AccessPermissionTest - 没有授权给三种媒体的资源个数：9
8072 [main] DEBUG o.s.s.h.HibernateLazyResolver - Closing single Hibernate Session in HibernateLazyResolver
74013 [main] DEBUG o.s.s.h.HibernateLazyResolver - Opening single Hibernate Session in HibernateLazyResolver
74029 [main] DEBUG AccessPermissionTest - 授权给用户的资源个数：1
74035 [main] DEBUG AccessPermissionTest - [管理自己部门的人员1]黃俊輝|
74044 [main] DEBUG AccessPermissionTest - 授权给角色的资源个数：0
74051 [main] DEBUG AccessPermissionTest - 授权给角色组的资源个数：0
74076 [main] DEBUG AccessPermissionTest - 没有授权给三种媒体的资源个数：9
74076 [main] DEBUG o.s.s.h.HibernateLazyResolver - Closing single Hibernate Session in HibernateLazyResolver
87790 [main] DEBUG o.s.s.h.HibernateLazyResolver - Opening single Hibernate Session in HibernateLazyResolver
87805 [main] DEBUG AccessPermissionTest - 授权给用户的资源个数：1
87811 [main] DEBUG AccessPermissionTest - [管理自己部门的人员1]:黃俊輝|
87845 [main] DEBUG AccessPermissionTest - 授权给角色的资源个数：0
87850 [main] DEBUG AccessPermissionTest - 授权给角色组的资源个数：0
87863 [main] DEBUG AccessPermissionTest - 没有授权给三种媒体的资源个数：9
87863 [main] DEBUG o.s.s.h.HibernateLazyResolver - Closing single Hibernate Session in HibernateLazyResolver
180786 [main] DEBUG o.s.s.h.HibernateLazyResolver - Opening single Hibernate Session in HibernateLazyResolver
180800 [main] DEBUG AccessPermissionTest - [授权给用户的资源1]
180805 [main] DEBUG AccessPermissionTest -   [管理自己部门的人员1]:黃俊輝|
180812 [main] DEBUG AccessPermissionTest - 授权给角色的资源个数：0
180818 [main] DEBUG AccessPermissionTest - 授权给角色组的资源个数：0
180833 [main] DEBUG AccessPermissionTest - 没有授权给三种媒体的资源个数：9
180833 [main] DEBUG o.s.s.h.HibernateLazyResolver - Closing single Hibernate Session in HibernateLazyResolver
203966 [main] DEBUG o.s.s.h.HibernateLazyResolver - Opening single Hibernate Session in HibernateLazyResolver
203981 [main] DEBUG AccessPermissionTest - [授权给用户的资源1]
203985 [main] DEBUG AccessPermissionTest -    --[管理自己部门的人员1]:黃俊輝|
203991 [main] DEBUG AccessPermissionTest - 授权给角色的资源个数：0
203995 [main] DEBUG AccessPermissionTest - 授权给角色组的资源个数：0
204004 [main] DEBUG AccessPermissionTest - 没有授权给三种媒体的资源个数：9
204005 [main] DEBUG o.s.s.h.HibernateLazyResolver - Closing single Hibernate Session in HibernateLazyResolver
243805 [main] DEBUG o.s.s.h.HibernateLazyResolver - Opening single Hibernate Session in HibernateLazyResolver
243819 [main] DEBUG AccessPermissionTest - [授权给用户的资源]
243823 [main] DEBUG AccessPermissionTest -    --[管理自己部门的人员]:黃俊輝|
243828 [main] DEBUG AccessPermissionTest - 授权给角色的资源个数：0
243834 [main] DEBUG AccessPermissionTest - 授权给角色组的资源个数：0
243843 [main] DEBUG AccessPermissionTest - 没有授权给三种媒体的资源个数：9
243843 [main] DEBUG o.s.s.h.HibernateLazyResolver - Closing single Hibernate Session in HibernateLazyResolver
257079 [main] DEBUG o.s.s.h.HibernateLazyResolver - Opening single Hibernate Session in HibernateLazyResolver
257094 [main] DEBUG AccessPermissionTest - [授权给用户的资源]
257099 [main] DEBUG AccessPermissionTest -    --[管理自己部门的人员]:黃俊輝,
257104 [main] DEBUG AccessPermissionTest - 授权给角色的资源个数：0
257111 [main] DEBUG AccessPermissionTest - 授权给角色组的资源个数：0
257120 [main] DEBUG AccessPermissionTest - 没有授权给三种媒体的资源个数：9
257120 [main] DEBUG o.s.s.h.HibernateLazyResolver - Closing single Hibernate Session in HibernateLazyResolver
264798 [main] DEBUG o.s.s.h.HibernateLazyResolver - Opening single Hibernate Session in HibernateLazyResolver
264813 [main] DEBUG AccessPermissionTest - [授权给用户的资源]
264816 [main] DEBUG AccessPermissionTest -    --[管理自己部门的人员]:黃俊輝 
264821 [main] DEBUG AccessPermissionTest - 授权给角色的资源个数：0
264826 [main] DEBUG AccessPermissionTest - 授权给角色组的资源个数：0
264836 [main] DEBUG AccessPermissionTest - 没有授权给三种媒体的资源个数：9
264836 [main] DEBUG o.s.s.h.HibernateLazyResolver - Closing single Hibernate Session in HibernateLazyResolver
358655 [main] DEBUG o.s.s.h.HibernateLazyResolver - Opening single Hibernate Session in HibernateLazyResolver
358674 [main] DEBUG AccessPermissionTest - [授权->用户]
358678 [main] DEBUG AccessPermissionTest -    --[管理自己部门的人员]:黃俊輝 
358685 [main] DEBUG AccessPermissionTest - [授权->角色]
358691 [main] DEBUG AccessPermissionTest - 授权给角色组的资源个数：0
358702 [main] DEBUG AccessPermissionTest - 没有授权给三种媒体的资源个数：9
358702 [main] DEBUG o.s.s.h.HibernateLazyResolver - Closing single Hibernate Session in HibernateLazyResolver
423985 [main] DEBUG o.s.s.h.HibernateLazyResolver - Opening single Hibernate Session in HibernateLazyResolver
423997 [main] DEBUG AccessPermissionTest - [授权->用户]
424001 [main] DEBUG AccessPermissionTest -    --[管理自己部门的人员]:黃俊輝 
424006 [main] DEBUG AccessPermissionTest - [授权->角色]
424021 [main] DEBUG AccessPermissionTest - 授权给角色组的资源个数：0
424041 [main] DEBUG AccessPermissionTest - 没有授权给三种媒体的资源个数：9
424041 [main] DEBUG AccessPermissionTest - [授权->NULL public]
424041 [main] DEBUG AccessPermissionTest -    --[企业架构EA]:
424041 [main] DEBUG AccessPermissionTest -    --[人员录入]:
424042 [main] DEBUG AccessPermissionTest -    --[组织架构定义]:
424042 [main] DEBUG AccessPermissionTest -    --[创建角色]:
424042 [main] DEBUG AccessPermissionTest -    --[人员部署]:
424042 [main] DEBUG AccessPermissionTest -    --[资源管理]:
424043 [main] DEBUG AccessPermissionTest -    --[发送服务器配置]:
424043 [main] DEBUG AccessPermissionTest -    --[APM]:
424043 [main] DEBUG AccessPermissionTest -    --[Work Order Manager]:
424043 [main] DEBUG o.s.s.h.HibernateLazyResolver - Closing single Hibernate Session in HibernateLazyResolver
4780 [main] DEBUG o.s.s.h.HibernateLazyResolver - Opening single Hibernate Session in HibernateLazyResolver
5359 [main] DEBUG AccessPermissionTest - [授权->用户]
5381 [main] DEBUG AccessPermissionTest -    --[管理自己部门的人员]:黃俊輝 
5409 [main] DEBUG AccessPermissionTest - [授权->角色]
5429 [main] DEBUG AccessPermissionTest - [授权->roglegroup]
5488 [main] DEBUG AccessPermissionTest - 没有授权给三种媒体的资源个数：9
5489 [main] DEBUG AccessPermissionTest - [授权->NULL public]
5489 [main] DEBUG AccessPermissionTest -    --[企业架构EA]:
5489 [main] DEBUG AccessPermissionTest -    --[人员录入]:
5489 [main] DEBUG AccessPermissionTest -    --[组织架构定义]:
5489 [main] DEBUG AccessPermissionTest -    --[创建角色]:
5489 [main] DEBUG AccessPermissionTest -    --[人员部署]:
5489 [main] DEBUG AccessPermissionTest -    --[资源管理]:
5495 [main] DEBUG AccessPermissionTest -    --[发送服务器配置]:
5495 [main] DEBUG AccessPermissionTest -    --[APM]:
5495 [main] DEBUG AccessPermissionTest -    --[Work Order Manager]:
5495 [main] DEBUG o.s.s.h.HibernateLazyResolver - Closing single Hibernate Session in HibernateLazyResolver
4556 [main] DEBUG o.s.s.h.HibernateLazyResolver - Opening single Hibernate Session in HibernateLazyResolver
4980 [main] DEBUG AccessPermissionTest - [授权->用户]
4996 [main] DEBUG AccessPermissionTest -    --[管理自己部门的人员]:黃俊輝 
5019 [main] DEBUG AccessPermissionTest - [授权->角色]
5035 [main] DEBUG AccessPermissionTest - [授权->roglegroup]
5070 [main] DEBUG AccessPermissionTest - [授权->NULL public]
5070 [main] DEBUG AccessPermissionTest -    --[企业架构EA]:
5071 [main] DEBUG AccessPermissionTest -    --[人员录入]:
5071 [main] DEBUG AccessPermissionTest -    --[组织架构定义]:
5071 [main] DEBUG AccessPermissionTest -    --[创建角色]:
5071 [main] DEBUG AccessPermissionTest -    --[人员部署]:
5071 [main] DEBUG AccessPermissionTest -    --[资源管理]:
5071 [main] DEBUG AccessPermissionTest -    --[发送服务器配置]:
5071 [main] DEBUG AccessPermissionTest -    --[APM]:
5071 [main] DEBUG AccessPermissionTest -    --[Work Order Manager]:
5072 [main] DEBUG o.s.s.h.HibernateLazyResolver - Closing single Hibernate Session in HibernateLazyResolver
6797 [main] DEBUG o.s.s.h.HibernateLazyResolver - Opening single Hibernate Session in HibernateLazyResolver
7526 [main] DEBUG AccessPermissionTest - [授权->用户]
7576 [main] DEBUG AccessPermissionTest -    --[管理自己部门的人员]:黃俊輝 
7637 [main] DEBUG AccessPermissionTest - [授权->角色]
7669 [main] DEBUG AccessPermissionTest - [授权->roglegroup]
7764 [main] DEBUG AccessPermissionTest - [授权->NULL public]
7765 [main] DEBUG AccessPermissionTest -    --[企业架构EA]:
7765 [main] DEBUG AccessPermissionTest -    --[人员录入]:
7765 [main] DEBUG AccessPermissionTest -    --[组织架构定义]:
7765 [main] DEBUG AccessPermissionTest -    --[创建角色]:
7765 [main] DEBUG AccessPermissionTest -    --[人员部署]:
7765 [main] DEBUG AccessPermissionTest -    --[资源管理]:
7765 [main] DEBUG AccessPermissionTest -    --[发送服务器配置]:
7765 [main] DEBUG AccessPermissionTest -    --[APM]:
7765 [main] DEBUG AccessPermissionTest -    --[Work Order Manager]:
7766 [main] DEBUG o.s.s.h.HibernateLazyResolver - Closing single Hibernate Session in HibernateLazyResolver
10158 [main] DEBUG o.s.s.h.HibernateLazyResolver - Opening single Hibernate Session in HibernateLazyResolver
10174 [main] DEBUG AccessPermissionTest - [授权->用户]
10174 [main] DEBUG AccessPermissionTest -    --[管理自己部门的人员]:黃俊輝 
10174 [main] DEBUG AccessPermissionTest - [授权->角色]
10199 [main] DEBUG AccessPermissionTest - [授权->roglegroup]
10228 [main] DEBUG AccessPermissionTest - [授权->NULL public]
10228 [main] DEBUG AccessPermissionTest -    --[企业架构EA]:
10228 [main] DEBUG AccessPermissionTest -    --[人员录入]:
10228 [main] DEBUG AccessPermissionTest -    --[组织架构定义]:
10228 [main] DEBUG AccessPermissionTest -    --[创建角色]:
10229 [main] DEBUG AccessPermissionTest -    --[人员部署]:
10229 [main] DEBUG AccessPermissionTest -    --[资源管理]:
10229 [main] DEBUG AccessPermissionTest -    --[发送服务器配置]:
10229 [main] DEBUG AccessPermissionTest -    --[APM]:
10229 [main] DEBUG AccessPermissionTest -    --[Work Order Manager]:
10229 [main] DEBUG o.s.s.h.HibernateLazyResolver - Closing single Hibernate Session in HibernateLazyResolver
53814 [main] DEBUG o.s.s.h.HibernateLazyResolver - Opening single Hibernate Session in HibernateLazyResolver
53831 [main] DEBUG AccessPermissionTest - 1.[授权->用户]
53835 [main] DEBUG AccessPermissionTest -    --[管理自己部门的人员]:黃俊輝 
53861 [main] DEBUG AccessPermissionTest - 2.[授权->角色]
53870 [main] DEBUG AccessPermissionTest - 3.[授权->roglegroup]
53883 [main] DEBUG AccessPermissionTest - 4.[授权->NULL public]
53883 [main] DEBUG AccessPermissionTest -    --[企业架构EA]:
53883 [main] DEBUG AccessPermissionTest -    --[人员录入]:
53883 [main] DEBUG AccessPermissionTest -    --[组织架构定义]:
53883 [main] DEBUG AccessPermissionTest -    --[创建角色]:
53883 [main] DEBUG AccessPermissionTest -    --[人员部署]:
53884 [main] DEBUG AccessPermissionTest -    --[资源管理]:
53884 [main] DEBUG AccessPermissionTest -    --[发送服务器配置]:
53885 [main] DEBUG AccessPermissionTest -    --[APM]:
53886 [main] DEBUG AccessPermissionTest -    --[Work Order Manager]:
53886 [main] DEBUG o.s.s.h.HibernateLazyResolver - Closing single Hibernate Session in HibernateLazyResolver
94680 [main] DEBUG o.s.s.h.HibernateLazyResolver - Opening single Hibernate Session in HibernateLazyResolver
94694 [main] DEBUG AccessPermissionTest - 1.[授权->用户]
94709 [main] DEBUG AccessPermissionTest -    --[管理自己部门的人员]:黃俊輝 
94714 [main] DEBUG AccessPermissionTest - 2.[授权->角色]
94722 [main] DEBUG AccessPermissionTest - 3.[授权->roglegroup]
94747 [main] DEBUG AccessPermissionTest - 4.[授权->NULL public]
94747 [main] DEBUG AccessPermissionTest -    --[企业架构EA]:
94747 [main] DEBUG AccessPermissionTest -    --[人员录入]:
94747 [main] DEBUG AccessPermissionTest -    --[组织架构定义]:
94748 [main] DEBUG AccessPermissionTest -    --[创建角色]:
94748 [main] DEBUG AccessPermissionTest -    --[人员部署]:
94748 [main] DEBUG AccessPermissionTest -    --[资源管理]:
94748 [main] DEBUG AccessPermissionTest -    --[发送服务器配置]:
94748 [main] DEBUG AccessPermissionTest -    --[APM]:
94748 [main] DEBUG AccessPermissionTest -    --[Work Order Manager]:
94749 [main] DEBUG o.s.s.h.HibernateLazyResolver - Closing single Hibernate Session in HibernateLazyResolver
113425 [main] DEBUG o.s.s.h.HibernateLazyResolver - Opening single Hibernate Session in HibernateLazyResolver
113438 [main] DEBUG AccessPermissionTest - 1.[授权->用户]
113446 [main] DEBUG AccessPermissionTest -    --管理自己部门的人员:黃俊輝 
113453 [main] DEBUG AccessPermissionTest - 2.[授权->角色]
113458 [main] DEBUG AccessPermissionTest - 3.[授权->roglegroup]
113470 [main] DEBUG AccessPermissionTest - 4.[授权->NULL public]
113470 [main] DEBUG AccessPermissionTest -    --[企业架构EA]:
113470 [main] DEBUG AccessPermissionTest -    --[人员录入]:
113471 [main] DEBUG AccessPermissionTest -    --[组织架构定义]:
113471 [main] DEBUG AccessPermissionTest -    --[创建角色]:
113471 [main] DEBUG AccessPermissionTest -    --[人员部署]:
113471 [main] DEBUG AccessPermissionTest -    --[资源管理]:
113471 [main] DEBUG AccessPermissionTest -    --[发送服务器配置]:
113471 [main] DEBUG AccessPermissionTest -    --[APM]:
113472 [main] DEBUG AccessPermissionTest -    --[Work Order Manager]:
113472 [main] DEBUG o.s.s.h.HibernateLazyResolver - Closing single Hibernate Session in HibernateLazyResolver
131185 [main] DEBUG o.s.s.h.HibernateLazyResolver - Opening single Hibernate Session in HibernateLazyResolver
131195 [main] DEBUG AccessPermissionTest - 1.[授权->用户]
131200 [main] DEBUG AccessPermissionTest -    --管理自己部门的人员:黃俊輝 
131205 [main] DEBUG AccessPermissionTest - 2.[授权->角色]
131210 [main] DEBUG AccessPermissionTest - 3.[授权->roglegroup]
131220 [main] DEBUG AccessPermissionTest - 4.[授权->NULL public]
131220 [main] DEBUG AccessPermissionTest -    --[企业架构EA]:
131220 [main] DEBUG AccessPermissionTest -    --[人员录入]:
131220 [main] DEBUG AccessPermissionTest -    --[组织架构定义]:
131220 [main] DEBUG AccessPermissionTest -    --[创建角色]:
131220 [main] DEBUG AccessPermissionTest -    --[人员部署]:
131220 [main] DEBUG AccessPermissionTest -    --[资源管理]:
131220 [main] DEBUG AccessPermissionTest -    --[发送服务器配置]:
131220 [main] DEBUG AccessPermissionTest -    --[APM]:
131221 [main] DEBUG AccessPermissionTest -    --[Work Order Manager]:
131221 [main] DEBUG o.s.s.h.HibernateLazyResolver - Closing single Hibernate Session in HibernateLazyResolver
159601 [main] DEBUG o.s.s.h.HibernateLazyResolver - Opening single Hibernate Session in HibernateLazyResolver
159613 [main] DEBUG AccessPermissionTest - 1.[授权->用户]
159618 [main] DEBUG AccessPermissionTest -    --管理自己部门的人员:黃俊輝 
159623 [main] DEBUG AccessPermissionTest - 2.[授权->角色]
159627 [main] DEBUG AccessPermissionTest - 3.[授权->roglegroup]
159640 [main] DEBUG AccessPermissionTest - 4.[授权->NULL public]
159641 [main] DEBUG AccessPermissionTest -    --企业架构EA:
159650 [main] DEBUG AccessPermissionTest -    --人员录入:
159650 [main] DEBUG AccessPermissionTest -    --组织架构定义:
159650 [main] DEBUG AccessPermissionTest -    --创建角色:
159650 [main] DEBUG AccessPermissionTest -    --人员部署:
159650 [main] DEBUG AccessPermissionTest -    --资源管理:
159650 [main] DEBUG AccessPermissionTest -    --发送服务器配置:
159650 [main] DEBUG AccessPermissionTest -    --APM:
159650 [main] DEBUG AccessPermissionTest -    --Work Order Manager:
159651 [main] DEBUG o.s.s.h.HibernateLazyResolver - Closing single Hibernate Session in HibernateLazyResolver
178899 [main] DEBUG o.s.s.h.HibernateLazyResolver - Opening single Hibernate Session in HibernateLazyResolver
178910 [main] DEBUG AccessPermissionTest - 1.[授权->用户]
178915 [main] DEBUG AccessPermissionTest -    --管理自己部门的人员:黃俊輝 
178921 [main] DEBUG AccessPermissionTest - 2.[授权->角色]
178929 [main] DEBUG AccessPermissionTest - 3.[授权->roglegroup]
178939 [main] DEBUG AccessPermissionTest - 4.[授权->NULL public]
178940 [main] DEBUG AccessPermissionTest -    --企业架构EA:
178940 [main] DEBUG AccessPermissionTest -    --人员录入:
178940 [main] DEBUG AccessPermissionTest -    --组织架构定义:
178940 [main] DEBUG AccessPermissionTest -    --创建角色:
178940 [main] DEBUG AccessPermissionTest -    --人员部署:
178940 [main] DEBUG AccessPermissionTest -    --资源管理:
178940 [main] DEBUG AccessPermissionTest -    --发送服务器配置:
178940 [main] DEBUG AccessPermissionTest -    --APM:
178940 [main] DEBUG AccessPermissionTest -    --Work Order Manager:
178941 [main] DEBUG o.s.s.h.HibernateLazyResolver - Closing single Hibernate Session in HibernateLazyResolver
7581 [main] ERROR o.h.util.JDBCExceptionReporter - Cannot create PoolableConnectionFactory (Connection is broken: "java.net.ConnectException: Connection refused: connect: localhost" [90067-167])
11665 [main] ERROR o.h.util.JDBCExceptionReporter - Cannot create PoolableConnectionFactory (Connection is broken: "java.net.ConnectException: Connection refused: connect: localhost" [90067-167])
11684 [main] ERROR o.h.tool.hbm2ddl.SchemaUpdate - could not get database metadata
org.apache.commons.dbcp.SQLNestedException: Cannot create PoolableConnectionFactory (Connection is broken: "java.net.ConnectException: Connection refused: connect: localhost" [90067-167])
	at org.apache.commons.dbcp.BasicDataSource.createDataSource(BasicDataSource.java:855) ~[commons-dbcp-1.2.1.jar:1.2.1]
	at org.apache.commons.dbcp.BasicDataSource.getConnection(BasicDataSource.java:540) ~[commons-dbcp-1.2.1.jar:1.2.1]
	at org.springframework.orm.hibernate3.LocalDataSourceConnectionProvider.getConnection(LocalDataSourceConnectionProvider.java:83) ~[spring-orm-3.2.1.RELEASE.jar:3.2.1.RELEASE]
	at org.hibernate.tool.hbm2ddl.SuppliedConnectionProviderConnectionHelper.prepare(SuppliedConnectionProviderConnectionHelper.java:51) ~[hibernate-core-3.6.1.Final.jar:3.6.1.Final]
	at org.hibernate.tool.hbm2ddl.SchemaUpdate.execute(SchemaUpdate.java:168) ~[hibernate-core-3.6.1.Final.jar:3.6.1.Final]
	at org.hibernate.impl.SessionFactoryImpl.<init>(SessionFactoryImpl.java:375) [hibernate-core-3.6.1.Final.jar:3.6.1.Final]
	at org.hibernate.cfg.Configuration.buildSessionFactory(Configuration.java:1842) [hibernate-core-3.6.1.Final.jar:3.6.1.Final]
	at org.springframework.orm.hibernate3.LocalSessionFactoryBean.newSessionFactory(LocalSessionFactoryBean.java:863) [spring-orm-3.2.1.RELEASE.jar:3.2.1.RELEASE]
	at org.springframework.orm.hibernate3.LocalSessionFactoryBean.buildSessionFactory(LocalSessionFactoryBean.java:782) [spring-orm-3.2.1.RELEASE.jar:3.2.1.RELEASE]
	at org.springframework.orm.hibernate3.AbstractSessionFactoryBean.afterPropertiesSet(AbstractSessionFactoryBean.java:188) [spring-orm-3.2.1.RELEASE.jar:3.2.1.RELEASE]
	at org.springframework.beans.factory.support.AbstractAutowireCapableBeanFactory.invokeInitMethods(AbstractAutowireCapableBeanFactory.java:1545) [spring-beans-3.2.1.RELEASE.jar:3.2.1.RELEASE]
	at org.springframework.beans.factory.support.AbstractAutowireCapableBeanFactory.initializeBean(AbstractAutowireCapableBeanFactory.java:1483) [spring-beans-3.2.1.RELEASE.jar:3.2.1.RELEASE]
	at org.springframework.beans.factory.support.AbstractAutowireCapableBeanFactory.doCreateBean(AbstractAutowireCapableBeanFactory.java:524) [spring-beans-3.2.1.RELEASE.jar:3.2.1.RELEASE]
	at org.springframework.beans.factory.support.AbstractAutowireCapableBeanFactory.createBean(AbstractAutowireCapableBeanFactory.java:461) [spring-beans-3.2.1.RELEASE.jar:3.2.1.RELEASE]
	at org.springframework.beans.factory.support.AbstractBeanFactory$1.getObject(AbstractBeanFactory.java:295) [spring-beans-3.2.1.RELEASE.jar:3.2.1.RELEASE]
	at org.springframework.beans.factory.support.DefaultSingletonBeanRegistry.getSingleton(DefaultSingletonBeanRegistry.java:223) [spring-beans-3.2.1.RELEASE.jar:3.2.1.RELEASE]
	at org.springframework.beans.factory.support.AbstractBeanFactory.doGetBean(AbstractBeanFactory.java:292) [spring-beans-3.2.1.RELEASE.jar:3.2.1.RELEASE]
	at org.springframework.beans.factory.support.AbstractBeanFactory.getBean(AbstractBeanFactory.java:194) [spring-beans-3.2.1.RELEASE.jar:3.2.1.RELEASE]
	at org.springframework.beans.factory.support.DefaultListableBeanFactory.preInstantiateSingletons(DefaultListableBeanFactory.java:608) [spring-beans-3.2.1.RELEASE.jar:3.2.1.RELEASE]
	at org.springframework.context.support.AbstractApplicationContext.finishBeanFactoryInitialization(AbstractApplicationContext.java:932) [spring-context-3.2.1.RELEASE.jar:3.2.1.RELEASE]
	at org.springframework.context.support.AbstractApplicationContext.refresh(AbstractApplicationContext.java:479) [spring-context-3.2.1.RELEASE.jar:3.2.1.RELEASE]
	at org.springframework.context.support.ClassPathXmlApplicationContext.<init>(ClassPathXmlApplicationContext.java:139) [spring-context-3.2.1.RELEASE.jar:3.2.1.RELEASE]
	at org.springframework.context.support.ClassPathXmlApplicationContext.<init>(ClassPathXmlApplicationContext.java:93) [spring-context-3.2.1.RELEASE.jar:3.2.1.RELEASE]
	at SpringBaseTestCase.<clinit>(SpringBaseTestCase.java:28) [test-classes/:na]
	at sun.reflect.NativeConstructorAccessorImpl.newInstance0(Native Method) [na:1.6.0_14]
	at sun.reflect.NativeConstructorAccessorImpl.newInstance(NativeConstructorAccessorImpl.java:39) [na:1.6.0_14]
	at sun.reflect.DelegatingConstructorAccessorImpl.newInstance(DelegatingConstructorAccessorImpl.java:27) [na:1.6.0_14]
	at java.lang.reflect.Constructor.newInstance(Constructor.java:513) [na:1.6.0_14]
	at junit.framework.TestSuite.createTest(TestSuite.java:61) [junit-4.9.jar:na]
	at junit.framework.TestSuite.addTestMethod(TestSuite.java:294) [junit-4.9.jar:na]
	at junit.framework.TestSuite.addTestsFromTestCase(TestSuite.java:150) [junit-4.9.jar:na]
	at junit.framework.TestSuite.<init>(TestSuite.java:129) [junit-4.9.jar:na]
	at org.junit.internal.runners.JUnit38ClassRunner.<init>(JUnit38ClassRunner.java:71) [junit-4.9.jar:na]
	at org.junit.internal.builders.JUnit3Builder.runnerForClass(JUnit3Builder.java:14) [junit-4.9.jar:na]
	at org.junit.runners.model.RunnerBuilder.safeRunnerForClass(RunnerBuilder.java:57) [junit-4.9.jar:na]
	at org.junit.internal.builders.AllDefaultPossibilitiesBuilder.runnerForClass(AllDefaultPossibilitiesBuilder.java:29) [junit-4.9.jar:na]
	at org.junit.runners.model.RunnerBuilder.safeRunnerForClass(RunnerBuilder.java:57) [junit-4.9.jar:na]
	at org.junit.internal.requests.ClassRequest.getRunner(ClassRequest.java:24) [junit-4.9.jar:na]
	at org.junit.internal.requests.FilterRequest.getRunner(FilterRequest.java:33) [junit-4.9.jar:na]
	at org.eclipse.jdt.internal.junit4.runner.JUnit4TestReference.<init>(JUnit4TestReference.java:33) [.cp/:na]
	at org.eclipse.jdt.internal.junit4.runner.JUnit4TestMethodReference.<init>(JUnit4TestMethodReference.java:25) [.cp/:na]
	at org.eclipse.jdt.internal.junit4.runner.JUnit4TestLoader.createTest(JUnit4TestLoader.java:54) [.cp/:na]
	at org.eclipse.jdt.internal.junit4.runner.JUnit4TestLoader.loadTests(JUnit4TestLoader.java:38) [.cp/:na]
	at org.eclipse.jdt.internal.junit.runner.RemoteTestRunner.runTests(RemoteTestRunner.java:452) [.cp/:na]
	at org.eclipse.jdt.internal.junit.runner.RemoteTestRunner.runTests(RemoteTestRunner.java:683) [.cp/:na]
	at org.eclipse.jdt.internal.junit.runner.RemoteTestRunner.run(RemoteTestRunner.java:390) [.cp/:na]
	at org.eclipse.jdt.internal.junit.runner.RemoteTestRunner.main(RemoteTestRunner.java:197) [.cp/:na]
Caused by: org.h2.jdbc.JdbcSQLException: Connection is broken: "java.net.ConnectException: Connection refused: connect: localhost" [90067-167]
	at org.h2.message.DbException.getJdbcSQLException(DbException.java:329) ~[h2-1.3.167.jar:1.3.167]
	at org.h2.message.DbException.get(DbException.java:158) ~[h2-1.3.167.jar:1.3.167]
	at org.h2.engine.SessionRemote.connectServer(SessionRemote.java:397) ~[h2-1.3.167.jar:1.3.167]
	at org.h2.engine.SessionRemote.connectEmbeddedOrServer(SessionRemote.java:287) ~[h2-1.3.167.jar:1.3.167]
	at org.h2.jdbc.JdbcConnection.<init>(JdbcConnection.java:110) ~[h2-1.3.167.jar:1.3.167]
	at org.h2.jdbc.JdbcConnection.<init>(JdbcConnection.java:94) ~[h2-1.3.167.jar:1.3.167]
	at org.h2.Driver.connect(Driver.java:72) ~[h2-1.3.167.jar:1.3.167]
	at org.apache.commons.dbcp.DriverConnectionFactory.createConnection(DriverConnectionFactory.java:37) ~[commons-dbcp-1.2.1.jar:1.2.1]
	at org.apache.commons.dbcp.PoolableConnectionFactory.makeObject(PoolableConnectionFactory.java:290) ~[commons-dbcp-1.2.1.jar:1.2.1]
	at org.apache.commons.dbcp.BasicDataSource.validateConnectionFactory(BasicDataSource.java:877) ~[commons-dbcp-1.2.1.jar:1.2.1]
	at org.apache.commons.dbcp.BasicDataSource.createDataSource(BasicDataSource.java:851) ~[commons-dbcp-1.2.1.jar:1.2.1]
	... 46 common frames omitted
Caused by: java.net.ConnectException: Connection refused: connect
	at java.net.PlainSocketImpl.socketConnect(Native Method) ~[na:1.6.0_14]
	at java.net.PlainSocketImpl.doConnect(PlainSocketImpl.java:333) ~[na:1.6.0_14]
	at java.net.PlainSocketImpl.connectToAddress(PlainSocketImpl.java:195) ~[na:1.6.0_14]
	at java.net.PlainSocketImpl.connect(PlainSocketImpl.java:182) ~[na:1.6.0_14]
	at java.net.SocksSocketImpl.connect(SocksSocketImpl.java:366) ~[na:1.6.0_14]
	at java.net.Socket.connect(Socket.java:519) ~[na:1.6.0_14]
	at org.h2.util.NetUtils.createSocket(NetUtils.java:119) ~[h2-1.3.167.jar:1.3.167]
	at org.h2.util.NetUtils.createSocket(NetUtils.java:100) ~[h2-1.3.167.jar:1.3.167]
	at org.h2.engine.SessionRemote.initTransfer(SessionRemote.java:93) ~[h2-1.3.167.jar:1.3.167]
	at org.h2.engine.SessionRemote.connectServer(SessionRemote.java:393) ~[h2-1.3.167.jar:1.3.167]
	... 54 common frames omitted
11700 [main] ERROR o.h.tool.hbm2ddl.SchemaUpdate - could not complete schema update
org.apache.commons.dbcp.SQLNestedException: Cannot create PoolableConnectionFactory (Connection is broken: "java.net.ConnectException: Connection refused: connect: localhost" [90067-167])
	at org.apache.commons.dbcp.BasicDataSource.createDataSource(BasicDataSource.java:855) ~[commons-dbcp-1.2.1.jar:1.2.1]
	at org.apache.commons.dbcp.BasicDataSource.getConnection(BasicDataSource.java:540) ~[commons-dbcp-1.2.1.jar:1.2.1]
	at org.springframework.orm.hibernate3.LocalDataSourceConnectionProvider.getConnection(LocalDataSourceConnectionProvider.java:83) ~[spring-orm-3.2.1.RELEASE.jar:3.2.1.RELEASE]
	at org.hibernate.tool.hbm2ddl.SuppliedConnectionProviderConnectionHelper.prepare(SuppliedConnectionProviderConnectionHelper.java:51) ~[hibernate-core-3.6.1.Final.jar:3.6.1.Final]
	at org.hibernate.tool.hbm2ddl.SchemaUpdate.execute(SchemaUpdate.java:168) ~[hibernate-core-3.6.1.Final.jar:3.6.1.Final]
	at org.hibernate.impl.SessionFactoryImpl.<init>(SessionFactoryImpl.java:375) [hibernate-core-3.6.1.Final.jar:3.6.1.Final]
	at org.hibernate.cfg.Configuration.buildSessionFactory(Configuration.java:1842) [hibernate-core-3.6.1.Final.jar:3.6.1.Final]
	at org.springframework.orm.hibernate3.LocalSessionFactoryBean.newSessionFactory(LocalSessionFactoryBean.java:863) [spring-orm-3.2.1.RELEASE.jar:3.2.1.RELEASE]
	at org.springframework.orm.hibernate3.LocalSessionFactoryBean.buildSessionFactory(LocalSessionFactoryBean.java:782) [spring-orm-3.2.1.RELEASE.jar:3.2.1.RELEASE]
	at org.springframework.orm.hibernate3.AbstractSessionFactoryBean.afterPropertiesSet(AbstractSessionFactoryBean.java:188) [spring-orm-3.2.1.RELEASE.jar:3.2.1.RELEASE]
	at org.springframework.beans.factory.support.AbstractAutowireCapableBeanFactory.invokeInitMethods(AbstractAutowireCapableBeanFactory.java:1545) [spring-beans-3.2.1.RELEASE.jar:3.2.1.RELEASE]
	at org.springframework.beans.factory.support.AbstractAutowireCapableBeanFactory.initializeBean(AbstractAutowireCapableBeanFactory.java:1483) [spring-beans-3.2.1.RELEASE.jar:3.2.1.RELEASE]
	at org.springframework.beans.factory.support.AbstractAutowireCapableBeanFactory.doCreateBean(AbstractAutowireCapableBeanFactory.java:524) [spring-beans-3.2.1.RELEASE.jar:3.2.1.RELEASE]
	at org.springframework.beans.factory.support.AbstractAutowireCapableBeanFactory.createBean(AbstractAutowireCapableBeanFactory.java:461) [spring-beans-3.2.1.RELEASE.jar:3.2.1.RELEASE]
	at org.springframework.beans.factory.support.AbstractBeanFactory$1.getObject(AbstractBeanFactory.java:295) [spring-beans-3.2.1.RELEASE.jar:3.2.1.RELEASE]
	at org.springframework.beans.factory.support.DefaultSingletonBeanRegistry.getSingleton(DefaultSingletonBeanRegistry.java:223) [spring-beans-3.2.1.RELEASE.jar:3.2.1.RELEASE]
	at org.springframework.beans.factory.support.AbstractBeanFactory.doGetBean(AbstractBeanFactory.java:292) [spring-beans-3.2.1.RELEASE.jar:3.2.1.RELEASE]
	at org.springframework.beans.factory.support.AbstractBeanFactory.getBean(AbstractBeanFactory.java:194) [spring-beans-3.2.1.RELEASE.jar:3.2.1.RELEASE]
	at org.springframework.beans.factory.support.DefaultListableBeanFactory.preInstantiateSingletons(DefaultListableBeanFactory.java:608) [spring-beans-3.2.1.RELEASE.jar:3.2.1.RELEASE]
	at org.springframework.context.support.AbstractApplicationContext.finishBeanFactoryInitialization(AbstractApplicationContext.java:932) [spring-context-3.2.1.RELEASE.jar:3.2.1.RELEASE]
	at org.springframework.context.support.AbstractApplicationContext.refresh(AbstractApplicationContext.java:479) [spring-context-3.2.1.RELEASE.jar:3.2.1.RELEASE]
	at org.springframework.context.support.ClassPathXmlApplicationContext.<init>(ClassPathXmlApplicationContext.java:139) [spring-context-3.2.1.RELEASE.jar:3.2.1.RELEASE]
	at org.springframework.context.support.ClassPathXmlApplicationContext.<init>(ClassPathXmlApplicationContext.java:93) [spring-context-3.2.1.RELEASE.jar:3.2.1.RELEASE]
	at SpringBaseTestCase.<clinit>(SpringBaseTestCase.java:28) [test-classes/:na]
	at sun.reflect.NativeConstructorAccessorImpl.newInstance0(Native Method) [na:1.6.0_14]
	at sun.reflect.NativeConstructorAccessorImpl.newInstance(NativeConstructorAccessorImpl.java:39) [na:1.6.0_14]
	at sun.reflect.DelegatingConstructorAccessorImpl.newInstance(DelegatingConstructorAccessorImpl.java:27) [na:1.6.0_14]
	at java.lang.reflect.Constructor.newInstance(Constructor.java:513) [na:1.6.0_14]
	at junit.framework.TestSuite.createTest(TestSuite.java:61) [junit-4.9.jar:na]
	at junit.framework.TestSuite.addTestMethod(TestSuite.java:294) [junit-4.9.jar:na]
	at junit.framework.TestSuite.addTestsFromTestCase(TestSuite.java:150) [junit-4.9.jar:na]
	at junit.framework.TestSuite.<init>(TestSuite.java:129) [junit-4.9.jar:na]
	at org.junit.internal.runners.JUnit38ClassRunner.<init>(JUnit38ClassRunner.java:71) [junit-4.9.jar:na]
	at org.junit.internal.builders.JUnit3Builder.runnerForClass(JUnit3Builder.java:14) [junit-4.9.jar:na]
	at org.junit.runners.model.RunnerBuilder.safeRunnerForClass(RunnerBuilder.java:57) [junit-4.9.jar:na]
	at org.junit.internal.builders.AllDefaultPossibilitiesBuilder.runnerForClass(AllDefaultPossibilitiesBuilder.java:29) [junit-4.9.jar:na]
	at org.junit.runners.model.RunnerBuilder.safeRunnerForClass(RunnerBuilder.java:57) [junit-4.9.jar:na]
	at org.junit.internal.requests.ClassRequest.getRunner(ClassRequest.java:24) [junit-4.9.jar:na]
	at org.junit.internal.requests.FilterRequest.getRunner(FilterRequest.java:33) [junit-4.9.jar:na]
	at org.eclipse.jdt.internal.junit4.runner.JUnit4TestReference.<init>(JUnit4TestReference.java:33) [.cp/:na]
	at org.eclipse.jdt.internal.junit4.runner.JUnit4TestMethodReference.<init>(JUnit4TestMethodReference.java:25) [.cp/:na]
	at org.eclipse.jdt.internal.junit4.runner.JUnit4TestLoader.createTest(JUnit4TestLoader.java:54) [.cp/:na]
	at org.eclipse.jdt.internal.junit4.runner.JUnit4TestLoader.loadTests(JUnit4TestLoader.java:38) [.cp/:na]
	at org.eclipse.jdt.internal.junit.runner.RemoteTestRunner.runTests(RemoteTestRunner.java:452) [.cp/:na]
	at org.eclipse.jdt.internal.junit.runner.RemoteTestRunner.runTests(RemoteTestRunner.java:683) [.cp/:na]
	at org.eclipse.jdt.internal.junit.runner.RemoteTestRunner.run(RemoteTestRunner.java:390) [.cp/:na]
	at org.eclipse.jdt.internal.junit.runner.RemoteTestRunner.main(RemoteTestRunner.java:197) [.cp/:na]
Caused by: org.h2.jdbc.JdbcSQLException: Connection is broken: "java.net.ConnectException: Connection refused: connect: localhost" [90067-167]
	at org.h2.message.DbException.getJdbcSQLException(DbException.java:329) ~[h2-1.3.167.jar:1.3.167]
	at org.h2.message.DbException.get(DbException.java:158) ~[h2-1.3.167.jar:1.3.167]
	at org.h2.engine.SessionRemote.connectServer(SessionRemote.java:397) ~[h2-1.3.167.jar:1.3.167]
	at org.h2.engine.SessionRemote.connectEmbeddedOrServer(SessionRemote.java:287) ~[h2-1.3.167.jar:1.3.167]
	at org.h2.jdbc.JdbcConnection.<init>(JdbcConnection.java:110) ~[h2-1.3.167.jar:1.3.167]
	at org.h2.jdbc.JdbcConnection.<init>(JdbcConnection.java:94) ~[h2-1.3.167.jar:1.3.167]
	at org.h2.Driver.connect(Driver.java:72) ~[h2-1.3.167.jar:1.3.167]
	at org.apache.commons.dbcp.DriverConnectionFactory.createConnection(DriverConnectionFactory.java:37) ~[commons-dbcp-1.2.1.jar:1.2.1]
	at org.apache.commons.dbcp.PoolableConnectionFactory.makeObject(PoolableConnectionFactory.java:290) ~[commons-dbcp-1.2.1.jar:1.2.1]
	at org.apache.commons.dbcp.BasicDataSource.validateConnectionFactory(BasicDataSource.java:877) ~[commons-dbcp-1.2.1.jar:1.2.1]
	at org.apache.commons.dbcp.BasicDataSource.createDataSource(BasicDataSource.java:851) ~[commons-dbcp-1.2.1.jar:1.2.1]
	... 46 common frames omitted
Caused by: java.net.ConnectException: Connection refused: connect
	at java.net.PlainSocketImpl.socketConnect(Native Method) ~[na:1.6.0_14]
	at java.net.PlainSocketImpl.doConnect(PlainSocketImpl.java:333) ~[na:1.6.0_14]
	at java.net.PlainSocketImpl.connectToAddress(PlainSocketImpl.java:195) ~[na:1.6.0_14]
	at java.net.PlainSocketImpl.connect(PlainSocketImpl.java:182) ~[na:1.6.0_14]
	at java.net.SocksSocketImpl.connect(SocksSocketImpl.java:366) ~[na:1.6.0_14]
	at java.net.Socket.connect(Socket.java:519) ~[na:1.6.0_14]
	at org.h2.util.NetUtils.createSocket(NetUtils.java:119) ~[h2-1.3.167.jar:1.3.167]
	at org.h2.util.NetUtils.createSocket(NetUtils.java:100) ~[h2-1.3.167.jar:1.3.167]
	at org.h2.engine.SessionRemote.initTransfer(SessionRemote.java:93) ~[h2-1.3.167.jar:1.3.167]
	at org.h2.engine.SessionRemote.connectServer(SessionRemote.java:393) ~[h2-1.3.167.jar:1.3.167]
	... 54 common frames omitted
13114 [main] DEBUG o.s.s.h.HibernateLazyResolver - Opening single Hibernate Session in HibernateLazyResolver
15586 [main] ERROR o.h.util.JDBCExceptionReporter - Cannot create PoolableConnectionFactory (Connection is broken: "java.net.ConnectException: Connection refused: connect: localhost" [90067-167])
15589 [main] ERROR o.h.util.JDBCExceptionReporter - Cannot create PoolableConnectionFactory (Connection is broken: "java.net.ConnectException: Connection refused: connect: localhost" [90067-167])
15611 [main] DEBUG o.s.s.h.HibernateLazyResolver - Closing single Hibernate Session in HibernateLazyResolver
